Using pre-set license
Built from '2020.3/staging' branch; Version is '2020.3.22f1 (e1a7f79fd887) revision 14788599'; Using compiler version '192528614'; Build Type 'Release'
OS: 'Windows 10 Home Single Language; OS build 19043.1348; Version 2009; 64bit' Language: 'en' Physical Memory: 8043 MB
BatchMode: 1, IsHumanControllingUs: 0, StartBugReporterOnCrash: 0, Is64bit: 1, IsPro: 0

COMMAND LINE ARGUMENTS:
C:\Program Files\Unity\Hub\Editor\2020.3.22f1\Editor\Unity.exe
-adb2
-batchMode
-noUpm
-name
AssetImportWorker1
-projectPath
C:/Users/diego/Workspace/games/FirstGame/First Game
-logFile
Logs/AssetImportWorker1.log
-srvPort
51288
Successfully changed project path to: C:/Users/diego/Workspace/games/FirstGame/First Game
C:/Users/diego/Workspace/games/FirstGame/First Game
Using Asset Import Pipeline V2.
Refreshing native plugins compatible for Editor in 75.93 ms, found 3 plugins.
Preloading 0 native plugins for Editor in 0.00 ms.
Initialize engine version: 2020.3.22f1 (e1a7f79fd887)
[Subsystems] Discovering subsystems at path C:/Program Files/Unity/Hub/Editor/2020.3.22f1/Editor/Data/Resources/UnitySubsystems
[Subsystems] Discovering subsystems at path C:/Users/diego/Workspace/games/FirstGame/First Game/Assets
GfxDevice: creating device client; threaded=0
Direct3D:
    Version:  Direct3D 11.0 [level 11.1]
    Renderer: NVIDIA GeForce MX230 (ID=0x1d11)
    Vendor:   
    VRAM:     1984 MB
    Driver:   30.0.14.9649
Initialize mono
Mono path[0] = 'C:/Program Files/Unity/Hub/Editor/2020.3.22f1/Editor/Data/Managed'
Mono path[1] = 'C:/Program Files/Unity/Hub/Editor/2020.3.22f1/Editor/Data/MonoBleedingEdge/lib/mono/unityjit'
Mono config path = 'C:/Program Files/Unity/Hub/Editor/2020.3.22f1/Editor/Data/MonoBleedingEdge/etc'
Using monoOptions --debugger-agent=transport=dt_socket,embedding=1,server=y,suspend=n,address=127.0.0.1:56284
Begin MonoManager ReloadAssembly
Registering precompiled unity dll's ...
Register platform support module: C:/Program Files/Unity/Hub/Editor/2020.3.22f1/Editor/Data/PlaybackEngines/WindowsStandaloneSupport/UnityEditor.WindowsStandalone.Extensions.dll
Registered in 0.002329 seconds.
Native extension for WindowsStandalone target not found
Refreshing native plugins compatible for Editor in 665.99 ms, found 3 plugins.
Preloading 0 native plugins for Editor in 0.00 ms.
Mono: successfully reloaded assembly
- Completed reload, in  4.755 seconds
Domain Reload Profiling:
	ReloadAssembly (4757ms)
		BeginReloadAssembly (84ms)
			ExecutionOrderSort (0ms)
			DisableScriptedObjects (0ms)
			BackupInstance (0ms)
			ReleaseScriptingObjects (0ms)
			CreateAndSetChildDomain (1ms)
		EndReloadAssembly (2776ms)
			LoadAssemblies (81ms)
			RebuildTransferFunctionScriptingTraits (0ms)
			SetupTypeCache (255ms)
			ReleaseScriptCaches (0ms)
			RebuildScriptCaches (51ms)
			SetupLoadedEditorAssemblies (2281ms)
				LogAssemblyErrors (0ms)
				InitializePlatformSupportModulesInManaged (10ms)
				SetLoadedEditorAssemblies (1ms)
				RefreshPlugins (668ms)
				BeforeProcessingInitializeOnLoad (93ms)
				ProcessInitializeOnLoadAttributes (1163ms)
				ProcessInitializeOnLoadMethodAttributes (344ms)
				AfterProcessingInitializeOnLoad (0ms)
				EditorAssembliesLoaded (2ms)
			ExecutionOrderSort2 (0ms)
			AwakeInstancesAfterBackupRestoration (0ms)
Platform modules already initialized, skipping
Registering precompiled user dll's ...
Registered in 0.057576 seconds.
Begin MonoManager ReloadAssembly
Native extension for WindowsStandalone target not found
Refreshing native plugins compatible for Editor in 82.53 ms, found 3 plugins.
Preloading 0 native plugins for Editor in 0.00 ms.
Mono: successfully reloaded assembly
- Completed reload, in  4.185 seconds
Domain Reload Profiling:
	ReloadAssembly (4186ms)
		BeginReloadAssembly (282ms)
			ExecutionOrderSort (0ms)
			DisableScriptedObjects (8ms)
			BackupInstance (0ms)
			ReleaseScriptingObjects (0ms)
			CreateAndSetChildDomain (33ms)
		EndReloadAssembly (3788ms)
			LoadAssemblies (2346ms)
			RebuildTransferFunctionScriptingTraits (0ms)
			SetupTypeCache (450ms)
			ReleaseScriptCaches (1ms)
			RebuildScriptCaches (101ms)
			SetupLoadedEditorAssemblies (680ms)
				LogAssemblyErrors (0ms)
				InitializePlatformSupportModulesInManaged (11ms)
				SetLoadedEditorAssemblies (0ms)
				RefreshPlugins (83ms)
				BeforeProcessingInitializeOnLoad (119ms)
				ProcessInitializeOnLoadAttributes (376ms)
				ProcessInitializeOnLoadMethodAttributes (76ms)
				AfterProcessingInitializeOnLoad (14ms)
				EditorAssembliesLoaded (0ms)
			ExecutionOrderSort2 (0ms)
			AwakeInstancesAfterBackupRestoration (13ms)
Platform modules already initialized, skipping
========================================================================
Worker process is ready to serve import requests
Launched and connected shader compiler UnityShaderCompiler.exe after 0.19 seconds
Refreshing native plugins compatible for Editor in 0.75 ms, found 3 plugins.
Preloading 0 native plugins for Editor in 0.00 ms.
Unloading 2182 Unused Serialized files (Serialized files now loaded: 0)
System memory in use before: 95.4 MB.
System memory in use after: 95.5 MB.

Unloading 28 unused Assets to reduce memory usage. Loaded Objects now: 2615.
Total: 4.161900 ms (FindLiveObjects: 0.236600 ms CreateObjectMapping: 0.115800 ms MarkObjects: 3.656700 ms  DeleteObjects: 0.151800 ms)

AssetImportParameters requested are different than current active one (requested -> active):
  custom:framework-win-MediaFoundation: 216162199b28c13a410421893ffa2e32 -> 
  custom:video-decoder-ogg-theora: a1e56fd34408186e4bbccfd4996cb3dc -> 
  custom:container-muxer-webm: aa71ff27fc2769a1b78a27578f13a17b -> 
  custom:container-demuxer-webm: 4f35f7cbe854078d1ac9338744f61a02 -> 
  custom:container-demuxer-ogg: 62fdf1f143b41e24485cea50d1cbac27 -> 
  custom:video-encoder-webm-vp8: eb34c28f22e8b96e1ab97ce403110664 -> 
  custom:video-decoder-webm-vp8: 9c59270c3fd7afecdb556c50c9e8de78 -> 
  custom:audio-decoder-ogg-vorbis: bf7c407c2cedff20999df2af8eb42d56 -> 
  custom:audio-encoder-webm-vorbis: bf7c407c2cedff20999df2af8eb42d56 -> 
========================================================================
Received Import Request.
  path: Assets
  artifactKey: Guid(00000000000000001000000000000000) Importer(815301076,1909f56bfc062723c751e8b465ee728b)
Start importing Assets using Guid(00000000000000001000000000000000) Importer(815301076,1909f56bfc062723c751e8b465ee728b)  -> (artifact id: '42d402b061de3733987d63b9cc3b64de') in 0.017663 seconds 
  Import took 0.022965 seconds .

========================================================================
Received Import Request.
  Time since last request: 5.357403 seconds.
  path: Assets/Scripts
  artifactKey: Guid(9e57039a161b77d47a62afa5a4c200c4) Importer(815301076,1909f56bfc062723c751e8b465ee728b)
Start importing Assets/Scripts using Guid(9e57039a161b77d47a62afa5a4c200c4) Importer(815301076,1909f56bfc062723c751e8b465ee728b)  -> (artifact id: 'dd5da939f891769890c72e574f9faa4b') in 0.018353 seconds 
  Import took 0.023686 seconds .

========================================================================
Received Import Request.
  Time since last request: 7.620018 seconds.
  path: Assets/Animations
  artifactKey: Guid(f10c072c9e8813c4f80ea3ca3b86dbd4) Importer(815301076,1909f56bfc062723c751e8b465ee728b)
Start importing Assets/Animations using Guid(f10c072c9e8813c4f80ea3ca3b86dbd4) Importer(815301076,1909f56bfc062723c751e8b465ee728b)  -> (artifact id: '3be7c513506583407df3a2b9ed07db90') in 0.022151 seconds 
  Import took 0.028041 seconds .

========================================================================
Received Import Request.
  Time since last request: 9.677811 seconds.
  path: Assets/Prefabs
  artifactKey: Guid(891a8c88e89cd4949a921762fc95ed17) Importer(815301076,1909f56bfc062723c751e8b465ee728b)
Start importing Assets/Prefabs using Guid(891a8c88e89cd4949a921762fc95ed17) Importer(815301076,1909f56bfc062723c751e8b465ee728b)  -> (artifact id: 'e73819169b4ae5bc1d2d1b64c702d6c4') in 0.016834 seconds 
  Import took 0.027333 seconds .

========================================================================
Received Import Request.
  Time since last request: 6.409357 seconds.
  path: Assets/UI
  artifactKey: Guid(59ca04ddafd97de46ab158b352dd2f01) Importer(815301076,1909f56bfc062723c751e8b465ee728b)
Start importing Assets/UI using Guid(59ca04ddafd97de46ab158b352dd2f01) Importer(815301076,1909f56bfc062723c751e8b465ee728b)  -> (artifact id: 'd8bdeda2318125d83224084424653826') in 0.013660 seconds 
  Import took 0.024956 seconds .

========================================================================
Received Import Request.
  Time since last request: 1.555840 seconds.
  path: Assets/UI/Dialogue
  artifactKey: Guid(12aaf8666f6fa774fb5e17ed92c3b9c0) Importer(815301076,1909f56bfc062723c751e8b465ee728b)
Start importing Assets/UI/Dialogue using Guid(12aaf8666f6fa774fb5e17ed92c3b9c0) Importer(815301076,1909f56bfc062723c751e8b465ee728b)  -> (artifact id: '5b26877a67aa8033b4b6741c10c28609') in 0.012976 seconds 
  Import took 0.019023 seconds .

========================================================================
Received Import Request.
  Time since last request: 0.057243 seconds.
  path: Assets/UI/Dialogue/hud_dialogue.png
  artifactKey: Guid(50eb54f27af82ed4baaa9befba0fc9d7) Importer(815301076,1909f56bfc062723c751e8b465ee728b)
Start importing Assets/UI/Dialogue/hud_dialogue.png using Guid(50eb54f27af82ed4baaa9befba0fc9d7) Importer(815301076,1909f56bfc062723c751e8b465ee728b)  -> (artifact id: 'd3e924af1100aba88ba66607ddeec603') in 0.717490 seconds 
  Import took 0.722736 seconds .

========================================================================
Received Import Request.
  Time since last request: 0.000605 seconds.
  path: Assets/UI/Dialogue/NPC.PNG
  artifactKey: Guid(8f40367dba543d14480b98acbfaef68f) Importer(815301076,1909f56bfc062723c751e8b465ee728b)
Start importing Assets/UI/Dialogue/NPC.PNG using Guid(8f40367dba543d14480b98acbfaef68f) Importer(815301076,1909f56bfc062723c751e8b465ee728b)  -> (artifact id: 'aa0da5abef0bb6140baa649388e53c5d') in 0.042004 seconds 
  Import took 0.046807 seconds .

========================================================================
Received Import Request.
  Time since last request: 102.404266 seconds.
  path: Assets/Sprites
  artifactKey: Guid(a8c477e971d04754d9b19138a88716f7) Importer(815301076,1909f56bfc062723c751e8b465ee728b)
Start importing Assets/Sprites using Guid(a8c477e971d04754d9b19138a88716f7) Importer(815301076,1909f56bfc062723c751e8b465ee728b)  -> (artifact id: 'a1daf6c99126ebe14482f834de440703') in 0.010873 seconds 
  Import took 0.017968 seconds .

========================================================================
Received Import Request.
  Time since last request: 0.044122 seconds.
  path: Assets/Sprites/Example Scene.png
  artifactKey: Guid(38071e3f51b0e9a4e8b964f58a2d71fa) Importer(815301076,1909f56bfc062723c751e8b465ee728b)
Start importing Assets/Sprites/Example Scene.png using Guid(38071e3f51b0e9a4e8b964f58a2d71fa) Importer(815301076,1909f56bfc062723c751e8b465ee728b)  -> (artifact id: '9efe830bfafbb7e9b3a1c60cb649a08a') in 0.079316 seconds 
  Import took 0.084794 seconds .

========================================================================
Received Import Request.
  Time since last request: 0.000441 seconds.
  path: Assets/Sprites/SUNNYSIDE_WORLD_BUILDINGS_V0.01.png
  artifactKey: Guid(69eca9cf603564244a52dad0d3607af9) Importer(815301076,1909f56bfc062723c751e8b465ee728b)
Start importing Assets/Sprites/SUNNYSIDE_WORLD_BUILDINGS_V0.01.png using Guid(69eca9cf603564244a52dad0d3607af9) Importer(815301076,1909f56bfc062723c751e8b465ee728b)  -> (artifact id: 'ef9e78d778c3df9c77ad12b4c0fb7c23') in 0.030429 seconds 
  Import took 0.036029 seconds .

========================================================================
Received Import Request.
  Time since last request: 0.000539 seconds.
  path: Assets/Sprites/Houses_props.png
  artifactKey: Guid(eda0e58e1fefaa44896522f359d6d9f9) Importer(815301076,1909f56bfc062723c751e8b465ee728b)
Start importing Assets/Sprites/Houses_props.png using Guid(eda0e58e1fefaa44896522f359d6d9f9) Importer(815301076,1909f56bfc062723c751e8b465ee728b)  -> (artifact id: '93bf2dba0592dd3f78160c0c39417e10') in 0.039451 seconds 
  Import took 0.045085 seconds .

========================================================================
Received Import Request.
  Time since last request: 2.463497 seconds.
  path: Assets/Sprites/SUNNYSIDE_WORLD_ASSETS_V0.2
  artifactKey: Guid(4c36064fd4e1b334c98477875d864fcd) Importer(815301076,1909f56bfc062723c751e8b465ee728b)
Start importing Assets/Sprites/SUNNYSIDE_WORLD_ASSETS_V0.2 using Guid(4c36064fd4e1b334c98477875d864fcd) Importer(815301076,1909f56bfc062723c751e8b465ee728b)  -> (artifact id: 'af84843cea0f9257b786188f659ae158') in 0.012564 seconds 
  Import took 0.018197 seconds .

========================================================================
Received Import Request.
  Time since last request: 4.565129 seconds.
  path: Assets/Sprites/SUNNYSIDE_WORLD_CHARACTERS_PARTS_V0.3.1
  artifactKey: Guid(1d0fe4d89ec661f48998b9034204b756) Importer(815301076,1909f56bfc062723c751e8b465ee728b)
Start importing Assets/Sprites/SUNNYSIDE_WORLD_CHARACTERS_PARTS_V0.3.1 using Guid(1d0fe4d89ec661f48998b9034204b756) Importer(815301076,1909f56bfc062723c751e8b465ee728b)  -> (artifact id: '0003c883c55fe51575bfc75bd9f098c5') in 0.012457 seconds 
  Import took 0.018110 seconds .

========================================================================
Received Import Request.
  Time since last request: 3.685844 seconds.
  path: Assets/Sprites/SUNNYSIDE_WORLD_CHIMNEYSMOKE
  artifactKey: Guid(91cf0f4355319e74fbdbe68a5ad333de) Importer(815301076,1909f56bfc062723c751e8b465ee728b)
Start importing Assets/Sprites/SUNNYSIDE_WORLD_CHIMNEYSMOKE using Guid(91cf0f4355319e74fbdbe68a5ad333de) Importer(815301076,1909f56bfc062723c751e8b465ee728b)  -> (artifact id: '69e9791f2d16b0d87c6c0d6e0f7b93dc') in 0.012608 seconds 
  Import took 0.018411 seconds .

========================================================================
Received Import Request.
  Time since last request: 3.061413 seconds.
  path: Assets/Sprites/SUNNYSIDEWORLD_UI_V1.0
  artifactKey: Guid(b66273d506c984341ad73027903b3eef) Importer(815301076,1909f56bfc062723c751e8b465ee728b)
Start importing Assets/Sprites/SUNNYSIDEWORLD_UI_V1.0 using Guid(b66273d506c984341ad73027903b3eef) Importer(815301076,1909f56bfc062723c751e8b465ee728b)  -> (artifact id: 'dc7a546b65783d4e4413eaa38505df38') in 0.012187 seconds 
  Import took 0.018227 seconds .

========================================================================
Received Import Request.
  Time since last request: 1.783161 seconds.
  path: Assets/Sprites/SUNNYSIDE_WORLD_ASSETS_V0.2/TILESET
  artifactKey: Guid(1385699caf3b89f48b208d80f222d940) Importer(815301076,1909f56bfc062723c751e8b465ee728b)
Start importing Assets/Sprites/SUNNYSIDE_WORLD_ASSETS_V0.2/TILESET using Guid(1385699caf3b89f48b208d80f222d940) Importer(815301076,1909f56bfc062723c751e8b465ee728b)  -> (artifact id: '2cbdc60d80ed760322244cec278133f5') in 0.012083 seconds 
  Import took 0.018241 seconds .

========================================================================
Received Import Request.
  Time since last request: 0.142767 seconds.
  path: Assets/Sprites/SUNNYSIDE_WORLD_ASSETS_V0.2/TILESET/SunnysideWorld_Tileset_V0.1.png
  artifactKey: Guid(134e4a70caf738e4c9c199ed36670ed9) Importer(815301076,1909f56bfc062723c751e8b465ee728b)
Start importing Assets/Sprites/SUNNYSIDE_WORLD_ASSETS_V0.2/TILESET/SunnysideWorld_Tileset_V0.1.png using Guid(134e4a70caf738e4c9c199ed36670ed9) Importer(815301076,1909f56bfc062723c751e8b465ee728b)  -> (artifact id: '5af5fe77c7d63753405a3b948cdbe95a') in 0.032120 seconds 
  Import took 0.036823 seconds .

========================================================================
Received Import Request.
  Time since last request: 106.299459 seconds.
  path: Assets/Sprites/SUNNYSIDE_WORLD_ASSETS_V0.2/TILESET/SunnysideWorld_Tileset_V0.1.png
  artifactKey: Guid(134e4a70caf738e4c9c199ed36670ed9) Importer(815301076,1909f56bfc062723c751e8b465ee728b)
Start importing Assets/Sprites/SUNNYSIDE_WORLD_ASSETS_V0.2/TILESET/SunnysideWorld_Tileset_V0.1.png using Guid(134e4a70caf738e4c9c199ed36670ed9) Importer(815301076,1909f56bfc062723c751e8b465ee728b)  -> (artifact id: 'ba9f50292b23aa8ab83e24879b81d190') in 0.055556 seconds 
  Import took 0.062888 seconds .

========================================================================
Received Import Request.
  Time since last request: 99.079337 seconds.
  path: Assets/Sprites/SUNNYSIDE_WORLD_ASSETS_V0.2/TILESET/SunnysideWorld_Tileset_V0.1.png
  artifactKey: Guid(134e4a70caf738e4c9c199ed36670ed9) Importer(815301076,1909f56bfc062723c751e8b465ee728b)
Start importing Assets/Sprites/SUNNYSIDE_WORLD_ASSETS_V0.2/TILESET/SunnysideWorld_Tileset_V0.1.png using Guid(134e4a70caf738e4c9c199ed36670ed9) Importer(815301076,1909f56bfc062723c751e8b465ee728b)  -> (artifact id: 'de3079f40cb2441701a93a910b9608f9') in 1.559531 seconds 
  Import took 1.567786 seconds .

========================================================================
Received Import Request.
  Time since last request: 2668.577141 seconds.
  path: Assets/Sprites/SUNNYSIDE_WORLD_ASSETS_V0.2/TILESET/Tilemap
  artifactKey: Guid(9fa6fbb65eda0ef43bfb84cc40638966) Importer(815301076,1909f56bfc062723c751e8b465ee728b)
Start importing Assets/Sprites/SUNNYSIDE_WORLD_ASSETS_V0.2/TILESET/Tilemap using Guid(9fa6fbb65eda0ef43bfb84cc40638966) Importer(815301076,1909f56bfc062723c751e8b465ee728b)  -> (artifact id: 'c0581d15a62832c2e673cc15abadfa39') in 0.014620 seconds 
  Import took 0.026708 seconds .

========================================================================
Received Import Request.
  Time since last request: 3.331266 seconds.
  path: Assets/Sprites/CHARACTERS
  artifactKey: Guid(da582cc6730bf2849baea166660a0c44) Importer(815301076,1909f56bfc062723c751e8b465ee728b)
Start importing Assets/Sprites/CHARACTERS using Guid(da582cc6730bf2849baea166660a0c44) Importer(815301076,1909f56bfc062723c751e8b465ee728b)  -> (artifact id: '8f19aad76e06b1d8cfbef96f042656fd') in 0.012760 seconds 
  Import took 0.021058 seconds .

========================================================================
Received Import Request.
  Time since last request: 0.882215 seconds.
  path: Assets/Sprites/CHARACTERS/ANIMATION
  artifactKey: Guid(db1281d9ce40d404688c19dcd6428ab6) Importer(815301076,1909f56bfc062723c751e8b465ee728b)
Start importing Assets/Sprites/CHARACTERS/ANIMATION using Guid(db1281d9ce40d404688c19dcd6428ab6) Importer(815301076,1909f56bfc062723c751e8b465ee728b)  -> (artifact id: 'cecddd66980f09251b269020285c4ad2') in 0.012320 seconds 
  Import took 0.020567 seconds .

========================================================================
Received Import Request.
  Time since last request: 1.292773 seconds.
  path: Assets/Sprites/CHARACTERS/ANIMATION/BASE CHARACTER
  artifactKey: Guid(f7b994c7140ea9445b2e7afa796e9926) Importer(815301076,1909f56bfc062723c751e8b465ee728b)
Start importing Assets/Sprites/CHARACTERS/ANIMATION/BASE CHARACTER using Guid(f7b994c7140ea9445b2e7afa796e9926) Importer(815301076,1909f56bfc062723c751e8b465ee728b)  -> (artifact id: '359ccd38938d7361d6b2b7df39287cac') in 0.013206 seconds 
  Import took 0.021761 seconds .

========================================================================
Received Import Request.
  Time since last request: 1.023310 seconds.
  path: Assets/Sprites/CHARACTERS/ANIMATION/BASE CHARACTER/PNG
  artifactKey: Guid(13db3176781e69841a176d1bbe56ce19) Importer(815301076,1909f56bfc062723c751e8b465ee728b)
Start importing Assets/Sprites/CHARACTERS/ANIMATION/BASE CHARACTER/PNG using Guid(13db3176781e69841a176d1bbe56ce19) Importer(815301076,1909f56bfc062723c751e8b465ee728b)  -> (artifact id: '4be2de17b6fc3a949b5a51fe79b534d7') in 0.013174 seconds 
  Import took 0.019263 seconds .

========================================================================
Received Import Request.
  Time since last request: 2.412311 seconds.
  path: Assets/Sprites/CHARACTERS/ANIMATION/BASE CHARACTER/PNG/WITH_FX
  artifactKey: Guid(cdbf2bc9cf111214389fa13036be1bc2) Importer(815301076,1909f56bfc062723c751e8b465ee728b)
Start importing Assets/Sprites/CHARACTERS/ANIMATION/BASE CHARACTER/PNG/WITH_FX using Guid(cdbf2bc9cf111214389fa13036be1bc2) Importer(815301076,1909f56bfc062723c751e8b465ee728b)  -> (artifact id: '6424690b9b4a9aff465141a4e527bf21') in 0.012692 seconds 
  Import took 0.019000 seconds .

========================================================================
Received Import Request.
  Time since last request: 0.041189 seconds.
  path: Assets/Sprites/CHARACTERS/ANIMATION/BASE CHARACTER/PNG/WITH_FX/spr_axe_strip10.png
  artifactKey: Guid(25a81619eda2b5a4ebb78ce6bba67c04) Importer(815301076,1909f56bfc062723c751e8b465ee728b)
Start importing Assets/Sprites/CHARACTERS/ANIMATION/BASE CHARACTER/PNG/WITH_FX/spr_axe_strip10.png using Guid(25a81619eda2b5a4ebb78ce6bba67c04) Importer(815301076,1909f56bfc062723c751e8b465ee728b)  -> (artifact id: '2793e9838fd304f38803315f70528ce1') in 0.039019 seconds 
  Import took 0.044674 seconds .

========================================================================
Received Import Request.
  Time since last request: 0.000509 seconds.
  path: Assets/Sprites/CHARACTERS/ANIMATION/BASE CHARACTER/PNG/WITH_FX/spr_walking_strip8.png
  artifactKey: Guid(c3e47cc4a12945348ba4eafd23e4f8e7) Importer(815301076,1909f56bfc062723c751e8b465ee728b)
Start importing Assets/Sprites/CHARACTERS/ANIMATION/BASE CHARACTER/PNG/WITH_FX/spr_walking_strip8.png using Guid(c3e47cc4a12945348ba4eafd23e4f8e7) Importer(815301076,1909f56bfc062723c751e8b465ee728b)  -> (artifact id: 'f8bc6d20514fd40b3943162c62c13616') in 0.030953 seconds 
  Import took 0.036265 seconds .

========================================================================
Received Import Request.
  Time since last request: 0.000641 seconds.
  path: Assets/Sprites/CHARACTERS/ANIMATION/BASE CHARACTER/PNG/WITH_FX/spr_hammering_strip23.png
  artifactKey: Guid(467bb9c4d55a81540bdf3fe6a1e56ff4) Importer(815301076,1909f56bfc062723c751e8b465ee728b)
Start importing Assets/Sprites/CHARACTERS/ANIMATION/BASE CHARACTER/PNG/WITH_FX/spr_hammering_strip23.png using Guid(467bb9c4d55a81540bdf3fe6a1e56ff4) Importer(815301076,1909f56bfc062723c751e8b465ee728b)  -> (artifact id: 'f4bc2689bac4898469cc9d106a30dee4') in 0.036301 seconds 
  Import took 0.044228 seconds .

========================================================================
Received Import Request.
  Time since last request: 0.000582 seconds.
  path: Assets/Sprites/CHARACTERS/ANIMATION/BASE CHARACTER/PNG/WITH_FX/spr_dig_strip13.png
  artifactKey: Guid(baa65f3c71e419045b8868fab43e8f98) Importer(815301076,1909f56bfc062723c751e8b465ee728b)
Start importing Assets/Sprites/CHARACTERS/ANIMATION/BASE CHARACTER/PNG/WITH_FX/spr_dig_strip13.png using Guid(baa65f3c71e419045b8868fab43e8f98) Importer(815301076,1909f56bfc062723c751e8b465ee728b)  -> (artifact id: '5b6d073545100c0003472c98310e312b') in 0.031888 seconds 
  Import took 0.039767 seconds .

========================================================================
Received Import Request.
  Time since last request: 0.000503 seconds.
  path: Assets/Sprites/CHARACTERS/ANIMATION/BASE CHARACTER/PNG/WITH_FX/spr_carry_strip8.png
  artifactKey: Guid(663046502b727a442af6cd50c7732ac9) Importer(815301076,1909f56bfc062723c751e8b465ee728b)
Start importing Assets/Sprites/CHARACTERS/ANIMATION/BASE CHARACTER/PNG/WITH_FX/spr_carry_strip8.png using Guid(663046502b727a442af6cd50c7732ac9) Importer(815301076,1909f56bfc062723c751e8b465ee728b)  -> (artifact id: 'f2e507d3445329823163e4296fe35eba') in 0.029220 seconds 
  Import took 0.036599 seconds .

========================================================================
Received Import Request.
  Time since last request: 0.000539 seconds.
  path: Assets/Sprites/CHARACTERS/ANIMATION/BASE CHARACTER/PNG/WITH_FX/spr_roll_strip10.png
  artifactKey: Guid(8cf65f4b39f112d4babc57efc2feb505) Importer(815301076,1909f56bfc062723c751e8b465ee728b)
Start importing Assets/Sprites/CHARACTERS/ANIMATION/BASE CHARACTER/PNG/WITH_FX/spr_roll_strip10.png using Guid(8cf65f4b39f112d4babc57efc2feb505) Importer(815301076,1909f56bfc062723c751e8b465ee728b)  -> (artifact id: 'b0f08aba2feaa3a5847624c1c09035ca') in 0.034800 seconds 
  Import took 0.041795 seconds .

========================================================================
Received Import Request.
  Time since last request: 0.000562 seconds.
  path: Assets/Sprites/CHARACTERS/ANIMATION/BASE CHARACTER/PNG/WITH_FX/spr_casting_strip15.png
  artifactKey: Guid(07b914013140e6e4483c4adbaed5b7a6) Importer(815301076,1909f56bfc062723c751e8b465ee728b)
Start importing Assets/Sprites/CHARACTERS/ANIMATION/BASE CHARACTER/PNG/WITH_FX/spr_casting_strip15.png using Guid(07b914013140e6e4483c4adbaed5b7a6) Importer(815301076,1909f56bfc062723c751e8b465ee728b)  -> (artifact id: '616bb40f4978b3ae5db21b28e387d0ca') in 0.032864 seconds 
  Import took 0.040896 seconds .

========================================================================
Received Import Request.
  Time since last request: 0.000449 seconds.
  path: Assets/Sprites/CHARACTERS/ANIMATION/BASE CHARACTER/PNG/WITH_FX/spr_run_strip8.png
  artifactKey: Guid(4aa4ab4144070844db50a1f07d6dcb98) Importer(815301076,1909f56bfc062723c751e8b465ee728b)
Start importing Assets/Sprites/CHARACTERS/ANIMATION/BASE CHARACTER/PNG/WITH_FX/spr_run_strip8.png using Guid(4aa4ab4144070844db50a1f07d6dcb98) Importer(815301076,1909f56bfc062723c751e8b465ee728b)  -> (artifact id: 'b67db24faa4844e203ac206807443dcf') in 0.027183 seconds 
  Import took 0.033855 seconds .

========================================================================
Received Import Request.
  Time since last request: 0.000607 seconds.
  path: Assets/Sprites/CHARACTERS/ANIMATION/BASE CHARACTER/PNG/WITH_FX/spr_reeling_strip13.png
  artifactKey: Guid(72d9f08b76f61c5499aac71548f7b64e) Importer(815301076,1909f56bfc062723c751e8b465ee728b)
Start importing Assets/Sprites/CHARACTERS/ANIMATION/BASE CHARACTER/PNG/WITH_FX/spr_reeling_strip13.png using Guid(72d9f08b76f61c5499aac71548f7b64e) Importer(815301076,1909f56bfc062723c751e8b465ee728b)  -> (artifact id: '117e0908b95b11e576747e75fd1d9919') in 0.029430 seconds 
  Import took 0.036703 seconds .

========================================================================
Received Import Request.
  Time since last request: 0.000591 seconds.
  path: Assets/Sprites/CHARACTERS/ANIMATION/BASE CHARACTER/PNG/WITH_FX/spr_waiting_strip9.png
  artifactKey: Guid(4b555157a80037a46884d1806b5bb70e) Importer(815301076,1909f56bfc062723c751e8b465ee728b)
Start importing Assets/Sprites/CHARACTERS/ANIMATION/BASE CHARACTER/PNG/WITH_FX/spr_waiting_strip9.png using Guid(4b555157a80037a46884d1806b5bb70e) Importer(815301076,1909f56bfc062723c751e8b465ee728b)  -> (artifact id: '060d7d630517fde799d533040a4f6a9f') in 0.029497 seconds 
  Import took 0.038172 seconds .

========================================================================
Received Import Request.
  Time since last request: 0.000565 seconds.
  path: Assets/Sprites/CHARACTERS/ANIMATION/BASE CHARACTER/PNG/WITH_FX/spr_swimming_strip12.png
  artifactKey: Guid(b8bc9c319671c444681817d5fa0ff8ee) Importer(815301076,1909f56bfc062723c751e8b465ee728b)
Start importing Assets/Sprites/CHARACTERS/ANIMATION/BASE CHARACTER/PNG/WITH_FX/spr_swimming_strip12.png using Guid(b8bc9c319671c444681817d5fa0ff8ee) Importer(815301076,1909f56bfc062723c751e8b465ee728b)  -> (artifact id: 'df08c1180c963ae81e18a592250e9420') in 0.034716 seconds 
  Import took 0.040521 seconds .

========================================================================
Received Import Request.
  Time since last request: 0.000495 seconds.
  path: Assets/Sprites/CHARACTERS/ANIMATION/BASE CHARACTER/PNG/WITH_FX/spr_death_strip13.png
  artifactKey: Guid(4b08d1c66ed6dd24d81d74dbfa46aa73) Importer(815301076,1909f56bfc062723c751e8b465ee728b)
Start importing Assets/Sprites/CHARACTERS/ANIMATION/BASE CHARACTER/PNG/WITH_FX/spr_death_strip13.png using Guid(4b08d1c66ed6dd24d81d74dbfa46aa73) Importer(815301076,1909f56bfc062723c751e8b465ee728b)  -> (artifact id: '07d8227ad02f63e1cda2cf61b55322af') in 0.028696 seconds 
  Import took 0.034703 seconds .

========================================================================
Received Import Request.
  Time since last request: 0.000449 seconds.
  path: Assets/Sprites/CHARACTERS/ANIMATION/BASE CHARACTER/PNG/WITH_FX/spr_doing_strip8.png
  artifactKey: Guid(35f23a4099c12f743840aa9ec9434cd7) Importer(815301076,1909f56bfc062723c751e8b465ee728b)
Start importing Assets/Sprites/CHARACTERS/ANIMATION/BASE CHARACTER/PNG/WITH_FX/spr_doing_strip8.png using Guid(35f23a4099c12f743840aa9ec9434cd7) Importer(815301076,1909f56bfc062723c751e8b465ee728b)  -> (artifact id: '897d05ff37d94f5c79e9aed966b606f7') in 0.028042 seconds 
  Import took 0.035394 seconds .

========================================================================
Received Import Request.
  Time since last request: 0.000462 seconds.
  path: Assets/Sprites/CHARACTERS/ANIMATION/BASE CHARACTER/PNG/WITH_FX/spr_watering_strip5.png
  artifactKey: Guid(9a09c3d2534c80c489e83f69078db631) Importer(815301076,1909f56bfc062723c751e8b465ee728b)
Start importing Assets/Sprites/CHARACTERS/ANIMATION/BASE CHARACTER/PNG/WITH_FX/spr_watering_strip5.png using Guid(9a09c3d2534c80c489e83f69078db631) Importer(815301076,1909f56bfc062723c751e8b465ee728b)  -> (artifact id: '98414ba8dedf6d85f47765b4ae90c33d') in 0.033087 seconds 
  Import took 0.040396 seconds .

========================================================================
Received Import Request.
  Time since last request: 0.000327 seconds.
  path: Assets/Sprites/CHARACTERS/ANIMATION/BASE CHARACTER/PNG/WITH_FX/spr_idle_strip9.png
  artifactKey: Guid(a538c6bd76588e84db738c7f1303a602) Importer(815301076,1909f56bfc062723c751e8b465ee728b)
Start importing Assets/Sprites/CHARACTERS/ANIMATION/BASE CHARACTER/PNG/WITH_FX/spr_idle_strip9.png using Guid(a538c6bd76588e84db738c7f1303a602) Importer(815301076,1909f56bfc062723c751e8b465ee728b)  -> (artifact id: '0decb1b69b4f80c10ffb08e861707f65') in 0.031879 seconds 
  Import took 0.037328 seconds .

========================================================================
Received Import Request.
  Time since last request: 0.000477 seconds.
  path: Assets/Sprites/CHARACTERS/ANIMATION/BASE CHARACTER/PNG/WITH_FX/spr_jump_strip9.png
  artifactKey: Guid(de27a37e33556484b9826701f11b07b2) Importer(815301076,1909f56bfc062723c751e8b465ee728b)
Start importing Assets/Sprites/CHARACTERS/ANIMATION/BASE CHARACTER/PNG/WITH_FX/spr_jump_strip9.png using Guid(de27a37e33556484b9826701f11b07b2) Importer(815301076,1909f56bfc062723c751e8b465ee728b)  -> (artifact id: '43337f97bee58f87ece29874a625e4be') in 0.037277 seconds 
  Import took 0.043871 seconds .

========================================================================
Received Import Request.
  Time since last request: 0.000382 seconds.
  path: Assets/Sprites/CHARACTERS/ANIMATION/BASE CHARACTER/PNG/WITH_FX/spr_sword_strip10.png
  artifactKey: Guid(29b2050de51a40d4aa35ea3605a600b5) Importer(815301076,1909f56bfc062723c751e8b465ee728b)
Start importing Assets/Sprites/CHARACTERS/ANIMATION/BASE CHARACTER/PNG/WITH_FX/spr_sword_strip10.png using Guid(29b2050de51a40d4aa35ea3605a600b5) Importer(815301076,1909f56bfc062723c751e8b465ee728b)  -> (artifact id: 'e66a735f19740822c2e0e9d657a0d438') in 0.031313 seconds 
  Import took 0.037235 seconds .

========================================================================
Received Import Request.
  Time since last request: 0.000347 seconds.
  path: Assets/Sprites/CHARACTERS/ANIMATION/BASE CHARACTER/PNG/WITH_FX/spr_mining_strip10.png
  artifactKey: Guid(a7363ed81a7305b4d956ddbc7d54bd0f) Importer(815301076,1909f56bfc062723c751e8b465ee728b)
Start importing Assets/Sprites/CHARACTERS/ANIMATION/BASE CHARACTER/PNG/WITH_FX/spr_mining_strip10.png using Guid(a7363ed81a7305b4d956ddbc7d54bd0f) Importer(815301076,1909f56bfc062723c751e8b465ee728b)  -> (artifact id: 'db380aed114727f5762dedbf0673f08b') in 0.032926 seconds 
  Import took 0.039302 seconds .

========================================================================
Received Import Request.
  Time since last request: 0.000416 seconds.
  path: Assets/Sprites/CHARACTERS/ANIMATION/BASE CHARACTER/PNG/WITH_FX/spr_caught_strip10.png
  artifactKey: Guid(746cfeb5a8d62554b9fc7ec4b84b1afd) Importer(815301076,1909f56bfc062723c751e8b465ee728b)
Start importing Assets/Sprites/CHARACTERS/ANIMATION/BASE CHARACTER/PNG/WITH_FX/spr_caught_strip10.png using Guid(746cfeb5a8d62554b9fc7ec4b84b1afd) Importer(815301076,1909f56bfc062723c751e8b465ee728b)  -> (artifact id: '4766745981eb21f3a25c8fc8bdf1ffcc') in 0.032898 seconds 
  Import took 0.040507 seconds .

========================================================================
Received Import Request.
  Time since last request: 0.000283 seconds.
  path: Assets/Sprites/CHARACTERS/ANIMATION/BASE CHARACTER/PNG/WITH_FX/spr_hurt_strip8.png
  artifactKey: Guid(ef7ecdcc47f7338499382dac770763f4) Importer(815301076,1909f56bfc062723c751e8b465ee728b)
Start importing Assets/Sprites/CHARACTERS/ANIMATION/BASE CHARACTER/PNG/WITH_FX/spr_hurt_strip8.png using Guid(ef7ecdcc47f7338499382dac770763f4) Importer(815301076,1909f56bfc062723c751e8b465ee728b)  -> (artifact id: '0eb6c662cffea6e361599268e98ffc2f') in 0.039136 seconds 
  Import took 0.045389 seconds .

========================================================================
Received Import Request.
  Time since last request: 88.851209 seconds.
  path: Assets/Sprites/CHARACTERS/ANIMATION/BASE CHARACTER/PNG/WITH_FX/spr_axe_strip10.png
  artifactKey: Guid(25a81619eda2b5a4ebb78ce6bba67c04) Importer(815301076,1909f56bfc062723c751e8b465ee728b)
Start importing Assets/Sprites/CHARACTERS/ANIMATION/BASE CHARACTER/PNG/WITH_FX/spr_axe_strip10.png using Guid(25a81619eda2b5a4ebb78ce6bba67c04) Importer(815301076,1909f56bfc062723c751e8b465ee728b)  -> (artifact id: '09af6614f297017416476a9c1c951a0d') in 0.028864 seconds 
  Import took 0.036476 seconds .

========================================================================
Received Import Request.
  Time since last request: 0.000434 seconds.
  path: Assets/Sprites/CHARACTERS/ANIMATION/BASE CHARACTER/PNG/WITH_FX/spr_walking_strip8.png
  artifactKey: Guid(c3e47cc4a12945348ba4eafd23e4f8e7) Importer(815301076,1909f56bfc062723c751e8b465ee728b)
Start importing Assets/Sprites/CHARACTERS/ANIMATION/BASE CHARACTER/PNG/WITH_FX/spr_walking_strip8.png using Guid(c3e47cc4a12945348ba4eafd23e4f8e7) Importer(815301076,1909f56bfc062723c751e8b465ee728b)  -> (artifact id: 'e7b5b5579d8e439429426d7d9e3cbc96') in 0.021539 seconds 
  Import took 0.027187 seconds .

========================================================================
Received Import Request.
  Time since last request: 0.000417 seconds.
  path: Assets/Sprites/CHARACTERS/ANIMATION/BASE CHARACTER/PNG/WITH_FX/spr_hammering_strip23.png
  artifactKey: Guid(467bb9c4d55a81540bdf3fe6a1e56ff4) Importer(815301076,1909f56bfc062723c751e8b465ee728b)
Start importing Assets/Sprites/CHARACTERS/ANIMATION/BASE CHARACTER/PNG/WITH_FX/spr_hammering_strip23.png using Guid(467bb9c4d55a81540bdf3fe6a1e56ff4) Importer(815301076,1909f56bfc062723c751e8b465ee728b)  -> (artifact id: 'c6930bc9d479a0aa86f37ecdb2dffeb3') in 0.036912 seconds 
  Import took 0.045394 seconds .

========================================================================
Received Import Request.
  Time since last request: 0.000385 seconds.
  path: Assets/Sprites/CHARACTERS/ANIMATION/BASE CHARACTER/PNG/WITH_FX/spr_dig_strip13.png
  artifactKey: Guid(baa65f3c71e419045b8868fab43e8f98) Importer(815301076,1909f56bfc062723c751e8b465ee728b)
Start importing Assets/Sprites/CHARACTERS/ANIMATION/BASE CHARACTER/PNG/WITH_FX/spr_dig_strip13.png using Guid(baa65f3c71e419045b8868fab43e8f98) Importer(815301076,1909f56bfc062723c751e8b465ee728b)  -> (artifact id: '1798ea95628a76f4d2c6f0d1f1e733a1') in 0.023879 seconds 
  Import took 0.031210 seconds .

========================================================================
Received Import Request.
  Time since last request: 0.000334 seconds.
  path: Assets/Sprites/CHARACTERS/ANIMATION/BASE CHARACTER/PNG/WITH_FX/spr_carry_strip8.png
  artifactKey: Guid(663046502b727a442af6cd50c7732ac9) Importer(815301076,1909f56bfc062723c751e8b465ee728b)
Start importing Assets/Sprites/CHARACTERS/ANIMATION/BASE CHARACTER/PNG/WITH_FX/spr_carry_strip8.png using Guid(663046502b727a442af6cd50c7732ac9) Importer(815301076,1909f56bfc062723c751e8b465ee728b)  -> (artifact id: '5b2d20f8bbeb9f5f9dd505f03bc0257e') in 0.027113 seconds 
  Import took 0.034361 seconds .

========================================================================
Received Import Request.
  Time since last request: 0.000485 seconds.
  path: Assets/Sprites/CHARACTERS/ANIMATION/BASE CHARACTER/PNG/WITH_FX/spr_roll_strip10.png
  artifactKey: Guid(8cf65f4b39f112d4babc57efc2feb505) Importer(815301076,1909f56bfc062723c751e8b465ee728b)
Start importing Assets/Sprites/CHARACTERS/ANIMATION/BASE CHARACTER/PNG/WITH_FX/spr_roll_strip10.png using Guid(8cf65f4b39f112d4babc57efc2feb505) Importer(815301076,1909f56bfc062723c751e8b465ee728b)  -> (artifact id: 'e76fa539add75b7e9788995c2446b35f') in 0.025436 seconds 
  Import took 0.031720 seconds .

========================================================================
Received Import Request.
  Time since last request: 0.000444 seconds.
  path: Assets/Sprites/CHARACTERS/ANIMATION/BASE CHARACTER/PNG/WITH_FX/spr_casting_strip15.png
  artifactKey: Guid(07b914013140e6e4483c4adbaed5b7a6) Importer(815301076,1909f56bfc062723c751e8b465ee728b)
Start importing Assets/Sprites/CHARACTERS/ANIMATION/BASE CHARACTER/PNG/WITH_FX/spr_casting_strip15.png using Guid(07b914013140e6e4483c4adbaed5b7a6) Importer(815301076,1909f56bfc062723c751e8b465ee728b)  -> (artifact id: '7866107ec996f32b55c5d68352f9ebec') in 0.025568 seconds 
  Import took 0.033883 seconds .

========================================================================
Received Import Request.
  Time since last request: 0.000387 seconds.
  path: Assets/Sprites/CHARACTERS/ANIMATION/BASE CHARACTER/PNG/WITH_FX/spr_run_strip8.png
  artifactKey: Guid(4aa4ab4144070844db50a1f07d6dcb98) Importer(815301076,1909f56bfc062723c751e8b465ee728b)
Start importing Assets/Sprites/CHARACTERS/ANIMATION/BASE CHARACTER/PNG/WITH_FX/spr_run_strip8.png using Guid(4aa4ab4144070844db50a1f07d6dcb98) Importer(815301076,1909f56bfc062723c751e8b465ee728b)  -> (artifact id: 'af6df8a6c746c07d862a59d73c1a88b7') in 0.025444 seconds 
  Import took 0.033134 seconds .

========================================================================
Received Import Request.
  Time since last request: 0.000315 seconds.
  path: Assets/Sprites/CHARACTERS/ANIMATION/BASE CHARACTER/PNG/WITH_FX/spr_reeling_strip13.png
  artifactKey: Guid(72d9f08b76f61c5499aac71548f7b64e) Importer(815301076,1909f56bfc062723c751e8b465ee728b)
Start importing Assets/Sprites/CHARACTERS/ANIMATION/BASE CHARACTER/PNG/WITH_FX/spr_reeling_strip13.png using Guid(72d9f08b76f61c5499aac71548f7b64e) Importer(815301076,1909f56bfc062723c751e8b465ee728b)  -> (artifact id: 'df4d4cd204bed5fa93b94b1bf5cc124c') in 0.022047 seconds 
  Import took 0.029615 seconds .

========================================================================
Received Import Request.
  Time since last request: 0.000394 seconds.
  path: Assets/Sprites/CHARACTERS/ANIMATION/BASE CHARACTER/PNG/WITH_FX/spr_waiting_strip9.png
  artifactKey: Guid(4b555157a80037a46884d1806b5bb70e) Importer(815301076,1909f56bfc062723c751e8b465ee728b)
Start importing Assets/Sprites/CHARACTERS/ANIMATION/BASE CHARACTER/PNG/WITH_FX/spr_waiting_strip9.png using Guid(4b555157a80037a46884d1806b5bb70e) Importer(815301076,1909f56bfc062723c751e8b465ee728b)  -> (artifact id: '403733f7a04c51bb7e6d43dd94d5f3fa') in 0.028528 seconds 
  Import took 0.036284 seconds .

========================================================================
Received Import Request.
  Time since last request: 0.000346 seconds.
  path: Assets/Sprites/CHARACTERS/ANIMATION/BASE CHARACTER/PNG/WITH_FX/spr_swimming_strip12.png
  artifactKey: Guid(b8bc9c319671c444681817d5fa0ff8ee) Importer(815301076,1909f56bfc062723c751e8b465ee728b)
Start importing Assets/Sprites/CHARACTERS/ANIMATION/BASE CHARACTER/PNG/WITH_FX/spr_swimming_strip12.png using Guid(b8bc9c319671c444681817d5fa0ff8ee) Importer(815301076,1909f56bfc062723c751e8b465ee728b)  -> (artifact id: 'a72953c3589e9d49ffdb92ccd86ab36a') in 0.032755 seconds 
  Import took 0.039691 seconds .

========================================================================
Received Import Request.
  Time since last request: 0.000345 seconds.
  path: Assets/Sprites/CHARACTERS/ANIMATION/BASE CHARACTER/PNG/WITH_FX/spr_death_strip13.png
  artifactKey: Guid(4b08d1c66ed6dd24d81d74dbfa46aa73) Importer(815301076,1909f56bfc062723c751e8b465ee728b)
Start importing Assets/Sprites/CHARACTERS/ANIMATION/BASE CHARACTER/PNG/WITH_FX/spr_death_strip13.png using Guid(4b08d1c66ed6dd24d81d74dbfa46aa73) Importer(815301076,1909f56bfc062723c751e8b465ee728b)  -> (artifact id: '9cce0846490776c58edc7ba1ed8c3cb7') in 0.021676 seconds 
  Import took 0.029157 seconds .

========================================================================
Received Import Request.
  Time since last request: 0.000335 seconds.
  path: Assets/Sprites/CHARACTERS/ANIMATION/BASE CHARACTER/PNG/WITH_FX/spr_doing_strip8.png
  artifactKey: Guid(35f23a4099c12f743840aa9ec9434cd7) Importer(815301076,1909f56bfc062723c751e8b465ee728b)
Start importing Assets/Sprites/CHARACTERS/ANIMATION/BASE CHARACTER/PNG/WITH_FX/spr_doing_strip8.png using Guid(35f23a4099c12f743840aa9ec9434cd7) Importer(815301076,1909f56bfc062723c751e8b465ee728b)  -> (artifact id: '7d25483057f7e0db2852b4e4e620fff7') in 0.023381 seconds 
  Import took 0.030993 seconds .

========================================================================
Received Import Request.
  Time since last request: 0.000418 seconds.
  path: Assets/Sprites/CHARACTERS/ANIMATION/BASE CHARACTER/PNG/WITH_FX/spr_watering_strip5.png
  artifactKey: Guid(9a09c3d2534c80c489e83f69078db631) Importer(815301076,1909f56bfc062723c751e8b465ee728b)
Start importing Assets/Sprites/CHARACTERS/ANIMATION/BASE CHARACTER/PNG/WITH_FX/spr_watering_strip5.png using Guid(9a09c3d2534c80c489e83f69078db631) Importer(815301076,1909f56bfc062723c751e8b465ee728b)  -> (artifact id: '3800715c7b4f271b1c556a1202a5a7b2') in 0.027568 seconds 
  Import took 0.035497 seconds .

========================================================================
Received Import Request.
  Time since last request: 0.000371 seconds.
  path: Assets/Sprites/CHARACTERS/ANIMATION/BASE CHARACTER/PNG/WITH_FX/spr_idle_strip9.png
  artifactKey: Guid(a538c6bd76588e84db738c7f1303a602) Importer(815301076,1909f56bfc062723c751e8b465ee728b)
Start importing Assets/Sprites/CHARACTERS/ANIMATION/BASE CHARACTER/PNG/WITH_FX/spr_idle_strip9.png using Guid(a538c6bd76588e84db738c7f1303a602) Importer(815301076,1909f56bfc062723c751e8b465ee728b)  -> (artifact id: '730cc52ce1d3912a523c6ffd7d71b08e') in 0.023057 seconds 
  Import took 0.031578 seconds .

========================================================================
Received Import Request.
  Time since last request: 0.000341 seconds.
  path: Assets/Sprites/CHARACTERS/ANIMATION/BASE CHARACTER/PNG/WITH_FX/spr_jump_strip9.png
  artifactKey: Guid(de27a37e33556484b9826701f11b07b2) Importer(815301076,1909f56bfc062723c751e8b465ee728b)
Start importing Assets/Sprites/CHARACTERS/ANIMATION/BASE CHARACTER/PNG/WITH_FX/spr_jump_strip9.png using Guid(de27a37e33556484b9826701f11b07b2) Importer(815301076,1909f56bfc062723c751e8b465ee728b)  -> (artifact id: '5a6e54d8a11c8485ff85bbeff711afb2') in 0.024984 seconds 
  Import took 0.032174 seconds .

========================================================================
Received Import Request.
  Time since last request: 0.000374 seconds.
  path: Assets/Sprites/CHARACTERS/ANIMATION/BASE CHARACTER/PNG/WITH_FX/spr_sword_strip10.png
  artifactKey: Guid(29b2050de51a40d4aa35ea3605a600b5) Importer(815301076,1909f56bfc062723c751e8b465ee728b)
Start importing Assets/Sprites/CHARACTERS/ANIMATION/BASE CHARACTER/PNG/WITH_FX/spr_sword_strip10.png using Guid(29b2050de51a40d4aa35ea3605a600b5) Importer(815301076,1909f56bfc062723c751e8b465ee728b)  -> (artifact id: '330ecc8913e2fb16bcf236ad68518d10') in 0.026733 seconds 
  Import took 0.035154 seconds .

========================================================================
Received Import Request.
  Time since last request: 0.000376 seconds.
  path: Assets/Sprites/CHARACTERS/ANIMATION/BASE CHARACTER/PNG/WITH_FX/spr_mining_strip10.png
  artifactKey: Guid(a7363ed81a7305b4d956ddbc7d54bd0f) Importer(815301076,1909f56bfc062723c751e8b465ee728b)
Start importing Assets/Sprites/CHARACTERS/ANIMATION/BASE CHARACTER/PNG/WITH_FX/spr_mining_strip10.png using Guid(a7363ed81a7305b4d956ddbc7d54bd0f) Importer(815301076,1909f56bfc062723c751e8b465ee728b)  -> (artifact id: '8293a6c7f75384bf0621c438ae65a28f') in 0.024705 seconds 
  Import took 0.031552 seconds .

========================================================================
Received Import Request.
  Time since last request: 0.000334 seconds.
  path: Assets/Sprites/CHARACTERS/ANIMATION/BASE CHARACTER/PNG/WITH_FX/spr_caught_strip10.png
  artifactKey: Guid(746cfeb5a8d62554b9fc7ec4b84b1afd) Importer(815301076,1909f56bfc062723c751e8b465ee728b)
Start importing Assets/Sprites/CHARACTERS/ANIMATION/BASE CHARACTER/PNG/WITH_FX/spr_caught_strip10.png using Guid(746cfeb5a8d62554b9fc7ec4b84b1afd) Importer(815301076,1909f56bfc062723c751e8b465ee728b)  -> (artifact id: '412c2878055e31f329a4ab5b30747288') in 0.019202 seconds 
  Import took 0.027270 seconds .

========================================================================
Received Import Request.
  Time since last request: 0.000314 seconds.
  path: Assets/Sprites/CHARACTERS/ANIMATION/BASE CHARACTER/PNG/WITH_FX/spr_hurt_strip8.png
  artifactKey: Guid(ef7ecdcc47f7338499382dac770763f4) Importer(815301076,1909f56bfc062723c751e8b465ee728b)
Start importing Assets/Sprites/CHARACTERS/ANIMATION/BASE CHARACTER/PNG/WITH_FX/spr_hurt_strip8.png using Guid(ef7ecdcc47f7338499382dac770763f4) Importer(815301076,1909f56bfc062723c751e8b465ee728b)  -> (artifact id: '7bfddc86b5b5a9286f19460facef870b') in 0.033166 seconds 
  Import took 0.041304 seconds .

========================================================================
Received Import Request.
  Time since last request: 77.930624 seconds.
  path: Assets/Sprites/CHARACTERS/ANIMATION/BASE CHARACTER/PNG/WITH_FX/spr_idle_strip9.png
  artifactKey: Guid(a538c6bd76588e84db738c7f1303a602) Importer(815301076,1909f56bfc062723c751e8b465ee728b)
Start importing Assets/Sprites/CHARACTERS/ANIMATION/BASE CHARACTER/PNG/WITH_FX/spr_idle_strip9.png using Guid(a538c6bd76588e84db738c7f1303a602) Importer(815301076,1909f56bfc062723c751e8b465ee728b)  -> (artifact id: 'f92edc6330f2bbe1ad5a030f46c6e0e8') in 0.109385 seconds 
  Import took 0.118388 seconds .

========================================================================
Received Import Request.
  Time since last request: 150.493224 seconds.
  path: Assets/Sprites/CHARACTERS/ANIMATION/BASE CHARACTER/PNG/NO_FX/spr_hammering_strip23.png
  artifactKey: Guid(3015f451aac0f064aa41eaca6fef16b1) Importer(815301076,1909f56bfc062723c751e8b465ee728b)
Start importing Assets/Sprites/CHARACTERS/ANIMATION/BASE CHARACTER/PNG/NO_FX/spr_hammering_strip23.png using Guid(3015f451aac0f064aa41eaca6fef16b1) Importer(815301076,1909f56bfc062723c751e8b465ee728b)  -> (artifact id: '5277eefcaa2d2c31b8a1a2e17128f616') in 0.022426 seconds 
  Import took 0.028691 seconds .

========================================================================
Received Import Request.
  Time since last request: 0.000432 seconds.
  path: Assets/Sprites/CHARACTERS/ANIMATION/BASE CHARACTER/GIF/spr_idle.gif
  artifactKey: Guid(61272adb3e29b344c9b730134b701702) Importer(815301076,1909f56bfc062723c751e8b465ee728b)
Start importing Assets/Sprites/CHARACTERS/ANIMATION/BASE CHARACTER/GIF/spr_idle.gif using Guid(61272adb3e29b344c9b730134b701702) Importer(815301076,1909f56bfc062723c751e8b465ee728b)  -> (artifact id: 'd85bae39e9d0612b696e5d27a140ae27') in 0.021092 seconds 
  Import took 0.025820 seconds .

========================================================================
Received Import Request.
  Time since last request: 0.000444 seconds.
  path: Assets/Sprites/CHARACTERS/ANIMATION/BASE CHARACTER/GIF/spr_hurt.gif
  artifactKey: Guid(77a5a7a768c49de44a6609637a28bc4f) Importer(815301076,1909f56bfc062723c751e8b465ee728b)
Start importing Assets/Sprites/CHARACTERS/ANIMATION/BASE CHARACTER/GIF/spr_hurt.gif using Guid(77a5a7a768c49de44a6609637a28bc4f) Importer(815301076,1909f56bfc062723c751e8b465ee728b)  -> (artifact id: 'd31222370762784f9a542aa7c3c3caaa') in 0.016504 seconds 
  Import took 0.021256 seconds .

========================================================================
Received Prepare
Registering precompiled user dll's ...
Registered in 0.006098 seconds.
Begin MonoManager ReloadAssembly
Native extension for WindowsStandalone target not found
Refreshing native plugins compatible for Editor in 1.73 ms, found 3 plugins.
Preloading 0 native plugins for Editor in 0.00 ms.
Mono: successfully reloaded assembly
- Completed reload, in  1.946 seconds
Domain Reload Profiling:
	ReloadAssembly (1947ms)
		BeginReloadAssembly (265ms)
			ExecutionOrderSort (0ms)
			DisableScriptedObjects (15ms)
			BackupInstance (0ms)
			ReleaseScriptingObjects (0ms)
			CreateAndSetChildDomain (102ms)
		EndReloadAssembly (1551ms)
			LoadAssemblies (179ms)
			RebuildTransferFunctionScriptingTraits (0ms)
			SetupTypeCache (533ms)
			ReleaseScriptCaches (2ms)
			RebuildScriptCaches (61ms)
			SetupLoadedEditorAssemblies (568ms)
				LogAssemblyErrors (0ms)
				InitializePlatformSupportModulesInManaged (8ms)
				SetLoadedEditorAssemblies (1ms)
				RefreshPlugins (2ms)
				BeforeProcessingInitializeOnLoad (106ms)
				ProcessInitializeOnLoadAttributes (414ms)
				ProcessInitializeOnLoadMethodAttributes (25ms)
				AfterProcessingInitializeOnLoad (11ms)
				EditorAssembliesLoaded (0ms)
			ExecutionOrderSort2 (0ms)
			AwakeInstancesAfterBackupRestoration (19ms)
Platform modules already initialized, skipping
Refreshing native plugins compatible for Editor in 0.89 ms, found 3 plugins.
Preloading 0 native plugins for Editor in 0.00 ms.
Unloading 2172 Unused Serialized files (Serialized files now loaded: 0)
System memory in use before: 98.1 MB.
System memory in use after: 98.3 MB.

Unloading 17 unused Assets to reduce memory usage. Loaded Objects now: 2648.
Total: 5.271700 ms (FindLiveObjects: 0.316600 ms CreateObjectMapping: 0.158500 ms MarkObjects: 4.731300 ms  DeleteObjects: 0.063400 ms)

AssetImportParameters requested are different than current active one (requested -> active):
  custom:framework-win-MediaFoundation: 216162199b28c13a410421893ffa2e32 -> 
  custom:video-decoder-ogg-theora: a1e56fd34408186e4bbccfd4996cb3dc -> 
  custom:container-muxer-webm: aa71ff27fc2769a1b78a27578f13a17b -> 
  custom:container-demuxer-webm: 4f35f7cbe854078d1ac9338744f61a02 -> 
  custom:container-demuxer-ogg: 62fdf1f143b41e24485cea50d1cbac27 -> 
  custom:video-encoder-webm-vp8: eb34c28f22e8b96e1ab97ce403110664 -> 
  custom:video-decoder-webm-vp8: 9c59270c3fd7afecdb556c50c9e8de78 -> 
  custom:audio-decoder-ogg-vorbis: bf7c407c2cedff20999df2af8eb42d56 -> 
  custom:audio-encoder-webm-vorbis: bf7c407c2cedff20999df2af8eb42d56 -> 
========================================================================
Received Import Request.
  Time since last request: 287.151994 seconds.
  path: Assets/Scripts/Player.cs
  artifactKey: Guid(d8ad5cbce7ba73e468cf00f9c9472b83) Importer(815301076,1909f56bfc062723c751e8b465ee728b)
Start importing Assets/Scripts/Player.cs using Guid(d8ad5cbce7ba73e468cf00f9c9472b83) Importer(815301076,1909f56bfc062723c751e8b465ee728b)  -> (artifact id: 'b8feaab10daa16887699a1a11ec0634d') in 0.156960 seconds 
  Import took 0.163244 seconds .

========================================================================
Received Prepare
Registering precompiled user dll's ...
Registered in 0.007241 seconds.
Begin MonoManager ReloadAssembly
Native extension for WindowsStandalone target not found
Refreshing native plugins compatible for Editor in 1.25 ms, found 3 plugins.
Preloading 0 native plugins for Editor in 0.00 ms.
Mono: successfully reloaded assembly
- Completed reload, in  1.634 seconds
Domain Reload Profiling:
	ReloadAssembly (1634ms)
		BeginReloadAssembly (193ms)
			ExecutionOrderSort (0ms)
			DisableScriptedObjects (11ms)
			BackupInstance (0ms)
			ReleaseScriptingObjects (0ms)
			CreateAndSetChildDomain (59ms)
		EndReloadAssembly (1337ms)
			LoadAssemblies (149ms)
			RebuildTransferFunctionScriptingTraits (0ms)
			SetupTypeCache (474ms)
			ReleaseScriptCaches (1ms)
			RebuildScriptCaches (61ms)
			SetupLoadedEditorAssemblies (499ms)
				LogAssemblyErrors (0ms)
				InitializePlatformSupportModulesInManaged (7ms)
				SetLoadedEditorAssemblies (1ms)
				RefreshPlugins (1ms)
				BeforeProcessingInitializeOnLoad (86ms)
				ProcessInitializeOnLoadAttributes (375ms)
				ProcessInitializeOnLoadMethodAttributes (20ms)
				AfterProcessingInitializeOnLoad (9ms)
				EditorAssembliesLoaded (0ms)
			ExecutionOrderSort2 (0ms)
			AwakeInstancesAfterBackupRestoration (18ms)
Platform modules already initialized, skipping
Refreshing native plugins compatible for Editor in 1.09 ms, found 3 plugins.
Preloading 0 native plugins for Editor in 0.00 ms.
Unloading 2172 Unused Serialized files (Serialized files now loaded: 0)
System memory in use before: 98.2 MB.
System memory in use after: 98.3 MB.

Unloading 17 unused Assets to reduce memory usage. Loaded Objects now: 2650.
Total: 5.370900 ms (FindLiveObjects: 0.403000 ms CreateObjectMapping: 0.093000 ms MarkObjects: 4.812300 ms  DeleteObjects: 0.060900 ms)

AssetImportParameters requested are different than current active one (requested -> active):
  custom:framework-win-MediaFoundation: 216162199b28c13a410421893ffa2e32 -> 
  custom:video-decoder-ogg-theora: a1e56fd34408186e4bbccfd4996cb3dc -> 
  custom:container-muxer-webm: aa71ff27fc2769a1b78a27578f13a17b -> 
  custom:container-demuxer-webm: 4f35f7cbe854078d1ac9338744f61a02 -> 
  custom:container-demuxer-ogg: 62fdf1f143b41e24485cea50d1cbac27 -> 
  custom:video-encoder-webm-vp8: eb34c28f22e8b96e1ab97ce403110664 -> 
  custom:video-decoder-webm-vp8: 9c59270c3fd7afecdb556c50c9e8de78 -> 
  custom:audio-decoder-ogg-vorbis: bf7c407c2cedff20999df2af8eb42d56 -> 
  custom:audio-encoder-webm-vorbis: bf7c407c2cedff20999df2af8eb42d56 -> 
========================================================================
Received Prepare
Registering precompiled user dll's ...
Registered in 0.005163 seconds.
Begin MonoManager ReloadAssembly
Native extension for WindowsStandalone target not found
Refreshing native plugins compatible for Editor in 1.05 ms, found 3 plugins.
Preloading 0 native plugins for Editor in 0.00 ms.
Mono: successfully reloaded assembly
- Completed reload, in  1.167 seconds
Domain Reload Profiling:
	ReloadAssembly (1168ms)
		BeginReloadAssembly (140ms)
			ExecutionOrderSort (0ms)
			DisableScriptedObjects (8ms)
			BackupInstance (0ms)
			ReleaseScriptingObjects (0ms)
			CreateAndSetChildDomain (44ms)
		EndReloadAssembly (945ms)
			LoadAssemblies (115ms)
			RebuildTransferFunctionScriptingTraits (0ms)
			SetupTypeCache (334ms)
			ReleaseScriptCaches (1ms)
			RebuildScriptCaches (48ms)
			SetupLoadedEditorAssemblies (332ms)
				LogAssemblyErrors (0ms)
				InitializePlatformSupportModulesInManaged (6ms)
				SetLoadedEditorAssemblies (0ms)
				RefreshPlugins (1ms)
				BeforeProcessingInitializeOnLoad (71ms)
				ProcessInitializeOnLoadAttributes (234ms)
				ProcessInitializeOnLoadMethodAttributes (12ms)
				AfterProcessingInitializeOnLoad (7ms)
				EditorAssembliesLoaded (0ms)
			ExecutionOrderSort2 (0ms)
			AwakeInstancesAfterBackupRestoration (12ms)
Platform modules already initialized, skipping
Refreshing native plugins compatible for Editor in 0.63 ms, found 3 plugins.
Preloading 0 native plugins for Editor in 0.00 ms.
Unloading 2172 Unused Serialized files (Serialized files now loaded: 0)
System memory in use before: 98.2 MB.
System memory in use after: 98.3 MB.

Unloading 17 unused Assets to reduce memory usage. Loaded Objects now: 2652.
Total: 3.471700 ms (FindLiveObjects: 0.203200 ms CreateObjectMapping: 0.085800 ms MarkObjects: 3.138800 ms  DeleteObjects: 0.042700 ms)

AssetImportParameters requested are different than current active one (requested -> active):
  custom:framework-win-MediaFoundation: 216162199b28c13a410421893ffa2e32 -> 
  custom:video-decoder-ogg-theora: a1e56fd34408186e4bbccfd4996cb3dc -> 
  custom:container-muxer-webm: aa71ff27fc2769a1b78a27578f13a17b -> 
  custom:container-demuxer-webm: 4f35f7cbe854078d1ac9338744f61a02 -> 
  custom:container-demuxer-ogg: 62fdf1f143b41e24485cea50d1cbac27 -> 
  custom:video-encoder-webm-vp8: eb34c28f22e8b96e1ab97ce403110664 -> 
  custom:video-decoder-webm-vp8: 9c59270c3fd7afecdb556c50c9e8de78 -> 
  custom:audio-decoder-ogg-vorbis: bf7c407c2cedff20999df2af8eb42d56 -> 
  custom:audio-encoder-webm-vorbis: bf7c407c2cedff20999df2af8eb42d56 -> 
========================================================================
Received Prepare
Registering precompiled user dll's ...
Registered in 0.004275 seconds.
Begin MonoManager ReloadAssembly
Native extension for WindowsStandalone target not found
Refreshing native plugins compatible for Editor in 0.87 ms, found 3 plugins.
Preloading 0 native plugins for Editor in 0.00 ms.
Mono: successfully reloaded assembly
- Completed reload, in  1.729 seconds
Domain Reload Profiling:
	ReloadAssembly (1729ms)
		BeginReloadAssembly (155ms)
			ExecutionOrderSort (0ms)
			DisableScriptedObjects (8ms)
			BackupInstance (0ms)
			ReleaseScriptingObjects (0ms)
			CreateAndSetChildDomain (43ms)
		EndReloadAssembly (1447ms)
			LoadAssemblies (160ms)
			RebuildTransferFunctionScriptingTraits (0ms)
			SetupTypeCache (582ms)
			ReleaseScriptCaches (3ms)
			RebuildScriptCaches (79ms)
			SetupLoadedEditorAssemblies (457ms)
				LogAssemblyErrors (0ms)
				InitializePlatformSupportModulesInManaged (12ms)
				SetLoadedEditorAssemblies (1ms)
				RefreshPlugins (1ms)
				BeforeProcessingInitializeOnLoad (110ms)
				ProcessInitializeOnLoadAttributes (310ms)
				ProcessInitializeOnLoadMethodAttributes (15ms)
				AfterProcessingInitializeOnLoad (7ms)
				EditorAssembliesLoaded (0ms)
			ExecutionOrderSort2 (0ms)
			AwakeInstancesAfterBackupRestoration (11ms)
Platform modules already initialized, skipping
Refreshing native plugins compatible for Editor in 0.60 ms, found 3 plugins.
Preloading 0 native plugins for Editor in 0.00 ms.
Unloading 2172 Unused Serialized files (Serialized files now loaded: 0)
System memory in use before: 98.2 MB.
System memory in use after: 98.3 MB.

Unloading 17 unused Assets to reduce memory usage. Loaded Objects now: 2654.
Total: 4.722100 ms (FindLiveObjects: 0.467900 ms CreateObjectMapping: 0.150300 ms MarkObjects: 4.052900 ms  DeleteObjects: 0.049500 ms)

AssetImportParameters requested are different than current active one (requested -> active):
  custom:framework-win-MediaFoundation: 216162199b28c13a410421893ffa2e32 -> 
  custom:video-decoder-ogg-theora: a1e56fd34408186e4bbccfd4996cb3dc -> 
  custom:container-muxer-webm: aa71ff27fc2769a1b78a27578f13a17b -> 
  custom:container-demuxer-webm: 4f35f7cbe854078d1ac9338744f61a02 -> 
  custom:container-demuxer-ogg: 62fdf1f143b41e24485cea50d1cbac27 -> 
  custom:video-encoder-webm-vp8: eb34c28f22e8b96e1ab97ce403110664 -> 
  custom:video-decoder-webm-vp8: 9c59270c3fd7afecdb556c50c9e8de78 -> 
  custom:audio-decoder-ogg-vorbis: bf7c407c2cedff20999df2af8eb42d56 -> 
  custom:audio-encoder-webm-vorbis: bf7c407c2cedff20999df2af8eb42d56 -> 
========================================================================
Received Prepare
Registering precompiled user dll's ...
Registered in 0.003944 seconds.
Begin MonoManager ReloadAssembly
Native extension for WindowsStandalone target not found
Refreshing native plugins compatible for Editor in 1.52 ms, found 3 plugins.
Preloading 0 native plugins for Editor in 0.00 ms.
Mono: successfully reloaded assembly
- Completed reload, in  2.023 seconds
Domain Reload Profiling:
	ReloadAssembly (2024ms)
		BeginReloadAssembly (144ms)
			ExecutionOrderSort (0ms)
			DisableScriptedObjects (7ms)
			BackupInstance (0ms)
			ReleaseScriptingObjects (0ms)
			CreateAndSetChildDomain (44ms)
		EndReloadAssembly (1800ms)
			LoadAssemblies (273ms)
			RebuildTransferFunctionScriptingTraits (0ms)
			SetupTypeCache (600ms)
			ReleaseScriptCaches (2ms)
			RebuildScriptCaches (70ms)
			SetupLoadedEditorAssemblies (656ms)
				LogAssemblyErrors (0ms)
				InitializePlatformSupportModulesInManaged (9ms)
				SetLoadedEditorAssemblies (1ms)
				RefreshPlugins (2ms)
				BeforeProcessingInitializeOnLoad (108ms)
				ProcessInitializeOnLoadAttributes (506ms)
				ProcessInitializeOnLoadMethodAttributes (22ms)
				AfterProcessingInitializeOnLoad (9ms)
				EditorAssembliesLoaded (1ms)
			ExecutionOrderSort2 (0ms)
			AwakeInstancesAfterBackupRestoration (18ms)
Platform modules already initialized, skipping
Refreshing native plugins compatible for Editor in 0.93 ms, found 3 plugins.
Preloading 0 native plugins for Editor in 0.00 ms.
Unloading 2172 Unused Serialized files (Serialized files now loaded: 0)
System memory in use before: 98.2 MB.
System memory in use after: 98.4 MB.

Unloading 17 unused Assets to reduce memory usage. Loaded Objects now: 2656.
Total: 7.276300 ms (FindLiveObjects: 0.342500 ms CreateObjectMapping: 0.120900 ms MarkObjects: 6.784700 ms  DeleteObjects: 0.026400 ms)

AssetImportParameters requested are different than current active one (requested -> active):
  custom:framework-win-MediaFoundation: 216162199b28c13a410421893ffa2e32 -> 
  custom:video-decoder-ogg-theora: a1e56fd34408186e4bbccfd4996cb3dc -> 
  custom:container-muxer-webm: aa71ff27fc2769a1b78a27578f13a17b -> 
  custom:container-demuxer-webm: 4f35f7cbe854078d1ac9338744f61a02 -> 
  custom:container-demuxer-ogg: 62fdf1f143b41e24485cea50d1cbac27 -> 
  custom:video-encoder-webm-vp8: eb34c28f22e8b96e1ab97ce403110664 -> 
  custom:video-decoder-webm-vp8: 9c59270c3fd7afecdb556c50c9e8de78 -> 
  custom:audio-decoder-ogg-vorbis: bf7c407c2cedff20999df2af8eb42d56 -> 
  custom:audio-encoder-webm-vorbis: bf7c407c2cedff20999df2af8eb42d56 -> 
========================================================================
Received Prepare
Registering precompiled user dll's ...
Registered in 0.004079 seconds.
Begin MonoManager ReloadAssembly
Native extension for WindowsStandalone target not found
Refreshing native plugins compatible for Editor in 1.09 ms, found 3 plugins.
Preloading 0 native plugins for Editor in 0.00 ms.
Mono: successfully reloaded assembly
- Completed reload, in  1.307 seconds
Domain Reload Profiling:
	ReloadAssembly (1308ms)
		BeginReloadAssembly (122ms)
			ExecutionOrderSort (0ms)
			DisableScriptedObjects (7ms)
			BackupInstance (0ms)
			ReleaseScriptingObjects (0ms)
			CreateAndSetChildDomain (40ms)
		EndReloadAssembly (1116ms)
			LoadAssemblies (101ms)
			RebuildTransferFunctionScriptingTraits (0ms)
			SetupTypeCache (347ms)
			ReleaseScriptCaches (1ms)
			RebuildScriptCaches (48ms)
			SetupLoadedEditorAssemblies (490ms)
				LogAssemblyErrors (0ms)
				InitializePlatformSupportModulesInManaged (8ms)
				SetLoadedEditorAssemblies (1ms)
				RefreshPlugins (1ms)
				BeforeProcessingInitializeOnLoad (94ms)
				ProcessInitializeOnLoadAttributes (366ms)
				ProcessInitializeOnLoadMethodAttributes (14ms)
				AfterProcessingInitializeOnLoad (6ms)
				EditorAssembliesLoaded (0ms)
			ExecutionOrderSort2 (0ms)
			AwakeInstancesAfterBackupRestoration (12ms)
Platform modules already initialized, skipping
Refreshing native plugins compatible for Editor in 0.78 ms, found 3 plugins.
Preloading 0 native plugins for Editor in 0.00 ms.
Unloading 2172 Unused Serialized files (Serialized files now loaded: 0)
System memory in use before: 98.2 MB.
System memory in use after: 98.4 MB.

Unloading 17 unused Assets to reduce memory usage. Loaded Objects now: 2658.
Total: 3.591100 ms (FindLiveObjects: 0.242800 ms CreateObjectMapping: 0.083400 ms MarkObjects: 3.222200 ms  DeleteObjects: 0.041500 ms)

AssetImportParameters requested are different than current active one (requested -> active):
  custom:framework-win-MediaFoundation: 216162199b28c13a410421893ffa2e32 -> 
  custom:video-decoder-ogg-theora: a1e56fd34408186e4bbccfd4996cb3dc -> 
  custom:container-muxer-webm: aa71ff27fc2769a1b78a27578f13a17b -> 
  custom:container-demuxer-webm: 4f35f7cbe854078d1ac9338744f61a02 -> 
  custom:container-demuxer-ogg: 62fdf1f143b41e24485cea50d1cbac27 -> 
  custom:video-encoder-webm-vp8: eb34c28f22e8b96e1ab97ce403110664 -> 
  custom:video-decoder-webm-vp8: 9c59270c3fd7afecdb556c50c9e8de78 -> 
  custom:audio-decoder-ogg-vorbis: bf7c407c2cedff20999df2af8eb42d56 -> 
  custom:audio-encoder-webm-vorbis: bf7c407c2cedff20999df2af8eb42d56 -> 
========================================================================
Received Prepare
Registering precompiled user dll's ...
Registered in 0.005678 seconds.
Begin MonoManager ReloadAssembly
Native extension for WindowsStandalone target not found
Refreshing native plugins compatible for Editor in 0.72 ms, found 3 plugins.
Preloading 0 native plugins for Editor in 0.00 ms.
Mono: successfully reloaded assembly
- Completed reload, in  1.862 seconds
Domain Reload Profiling:
	ReloadAssembly (1863ms)
		BeginReloadAssembly (215ms)
			ExecutionOrderSort (0ms)
			DisableScriptedObjects (12ms)
			BackupInstance (0ms)
			ReleaseScriptingObjects (0ms)
			CreateAndSetChildDomain (82ms)
		EndReloadAssembly (1532ms)
			LoadAssemblies (176ms)
			RebuildTransferFunctionScriptingTraits (0ms)
			SetupTypeCache (559ms)
			ReleaseScriptCaches (2ms)
			RebuildScriptCaches (81ms)
			SetupLoadedEditorAssemblies (541ms)
				LogAssemblyErrors (0ms)
				InitializePlatformSupportModulesInManaged (9ms)
				SetLoadedEditorAssemblies (1ms)
				RefreshPlugins (1ms)
				BeforeProcessingInitializeOnLoad (109ms)
				ProcessInitializeOnLoadAttributes (392ms)
				ProcessInitializeOnLoadMethodAttributes (19ms)
				AfterProcessingInitializeOnLoad (9ms)
				EditorAssembliesLoaded (0ms)
			ExecutionOrderSort2 (0ms)
			AwakeInstancesAfterBackupRestoration (17ms)
Platform modules already initialized, skipping
Refreshing native plugins compatible for Editor in 0.98 ms, found 3 plugins.
Preloading 0 native plugins for Editor in 0.00 ms.
Unloading 2172 Unused Serialized files (Serialized files now loaded: 0)
System memory in use before: 98.3 MB.
System memory in use after: 98.4 MB.

Unloading 17 unused Assets to reduce memory usage. Loaded Objects now: 2660.
Total: 5.604100 ms (FindLiveObjects: 0.353400 ms CreateObjectMapping: 0.114700 ms MarkObjects: 5.108300 ms  DeleteObjects: 0.026000 ms)

AssetImportParameters requested are different than current active one (requested -> active):
  custom:framework-win-MediaFoundation: 216162199b28c13a410421893ffa2e32 -> 
  custom:video-decoder-ogg-theora: a1e56fd34408186e4bbccfd4996cb3dc -> 
  custom:container-muxer-webm: aa71ff27fc2769a1b78a27578f13a17b -> 
  custom:container-demuxer-webm: 4f35f7cbe854078d1ac9338744f61a02 -> 
  custom:container-demuxer-ogg: 62fdf1f143b41e24485cea50d1cbac27 -> 
  custom:video-encoder-webm-vp8: eb34c28f22e8b96e1ab97ce403110664 -> 
  custom:video-decoder-webm-vp8: 9c59270c3fd7afecdb556c50c9e8de78 -> 
  custom:audio-decoder-ogg-vorbis: bf7c407c2cedff20999df2af8eb42d56 -> 
  custom:audio-encoder-webm-vorbis: bf7c407c2cedff20999df2af8eb42d56 -> 
========================================================================
Received Import Request.
  Time since last request: 1181.261694 seconds.
  path: Assets/Scripts/Player.cs
  artifactKey: Guid(d8ad5cbce7ba73e468cf00f9c9472b83) Importer(815301076,1909f56bfc062723c751e8b465ee728b)
Start importing Assets/Scripts/Player.cs using Guid(d8ad5cbce7ba73e468cf00f9c9472b83) Importer(815301076,1909f56bfc062723c751e8b465ee728b)  -> (artifact id: '92c1e26f9da583ac5b553a7e16716f9b') in 0.011455 seconds 
  Import took 0.015797 seconds .

========================================================================
Received Prepare
Registering precompiled user dll's ...
Registered in 0.005245 seconds.
Begin MonoManager ReloadAssembly
Native extension for WindowsStandalone target not found
Refreshing native plugins compatible for Editor in 0.67 ms, found 3 plugins.
Preloading 0 native plugins for Editor in 0.00 ms.
Mono: successfully reloaded assembly
- Completed reload, in  1.835 seconds
Domain Reload Profiling:
	ReloadAssembly (1837ms)
		BeginReloadAssembly (207ms)
			ExecutionOrderSort (0ms)
			DisableScriptedObjects (11ms)
			BackupInstance (0ms)
			ReleaseScriptingObjects (0ms)
			CreateAndSetChildDomain (62ms)
		EndReloadAssembly (1518ms)
			LoadAssemblies (174ms)
			RebuildTransferFunctionScriptingTraits (0ms)
			SetupTypeCache (533ms)
			ReleaseScriptCaches (2ms)
			RebuildScriptCaches (77ms)
			SetupLoadedEditorAssemblies (554ms)
				LogAssemblyErrors (0ms)
				InitializePlatformSupportModulesInManaged (9ms)
				SetLoadedEditorAssemblies (1ms)
				RefreshPlugins (1ms)
				BeforeProcessingInitializeOnLoad (114ms)
				ProcessInitializeOnLoadAttributes (398ms)
				ProcessInitializeOnLoadMethodAttributes (21ms)
				AfterProcessingInitializeOnLoad (9ms)
				EditorAssembliesLoaded (0ms)
			ExecutionOrderSort2 (0ms)
			AwakeInstancesAfterBackupRestoration (17ms)
Platform modules already initialized, skipping
Refreshing native plugins compatible for Editor in 1.15 ms, found 3 plugins.
Preloading 0 native plugins for Editor in 0.00 ms.
Unloading 2172 Unused Serialized files (Serialized files now loaded: 0)
System memory in use before: 98.3 MB.
System memory in use after: 98.4 MB.

Unloading 17 unused Assets to reduce memory usage. Loaded Objects now: 2662.
Total: 6.938600 ms (FindLiveObjects: 0.396800 ms CreateObjectMapping: 0.171700 ms MarkObjects: 6.324100 ms  DeleteObjects: 0.043600 ms)

AssetImportParameters requested are different than current active one (requested -> active):
  custom:framework-win-MediaFoundation: 216162199b28c13a410421893ffa2e32 -> 
  custom:video-decoder-ogg-theora: a1e56fd34408186e4bbccfd4996cb3dc -> 
  custom:container-muxer-webm: aa71ff27fc2769a1b78a27578f13a17b -> 
  custom:container-demuxer-webm: 4f35f7cbe854078d1ac9338744f61a02 -> 
  custom:container-demuxer-ogg: 62fdf1f143b41e24485cea50d1cbac27 -> 
  custom:video-encoder-webm-vp8: eb34c28f22e8b96e1ab97ce403110664 -> 
  custom:video-decoder-webm-vp8: 9c59270c3fd7afecdb556c50c9e8de78 -> 
  custom:audio-decoder-ogg-vorbis: bf7c407c2cedff20999df2af8eb42d56 -> 
  custom:audio-encoder-webm-vorbis: bf7c407c2cedff20999df2af8eb42d56 -> 
AssetImportWorkerClient::OnTransportError - code=2 error=End of file
