Using pre-set license
Built from '2020.3/staging' branch; Version is '2020.3.22f1 (e1a7f79fd887) revision 14788599'; Using compiler version '192528614'; Build Type 'Release'
OS: 'Windows 10 Home Single Language; OS build 19043.1348; Version 2009; 64bit' Language: 'en' Physical Memory: 8043 MB
BatchMode: 1, IsHumanControllingUs: 0, StartBugReporterOnCrash: 0, Is64bit: 1, IsPro: 0

COMMAND LINE ARGUMENTS:
C:\Program Files\Unity\Hub\Editor\2020.3.22f1\Editor\Unity.exe
-adb2
-batchMode
-noUpm
-name
AssetImportWorker0
-projectPath
C:/Users/diego/Workspace/games/FirstGame/First Game
-logFile
Logs/AssetImportWorker0.log
-srvPort
62166
Successfully changed project path to: C:/Users/diego/Workspace/games/FirstGame/First Game
C:/Users/diego/Workspace/games/FirstGame/First Game
Using Asset Import Pipeline V2.
Refreshing native plugins compatible for Editor in 57.96 ms, found 3 plugins.
Preloading 0 native plugins for Editor in 0.00 ms.
Initialize engine version: 2020.3.22f1 (e1a7f79fd887)
[Subsystems] Discovering subsystems at path C:/Program Files/Unity/Hub/Editor/2020.3.22f1/Editor/Data/Resources/UnitySubsystems
[Subsystems] Discovering subsystems at path C:/Users/diego/Workspace/games/FirstGame/First Game/Assets
GfxDevice: creating device client; threaded=0
Direct3D:
    Version:  Direct3D 11.0 [level 11.1]
    Renderer: NVIDIA GeForce MX230 (ID=0x1d11)
    Vendor:   
    VRAM:     1984 MB
    Driver:   30.0.14.9649
Initialize mono
Mono path[0] = 'C:/Program Files/Unity/Hub/Editor/2020.3.22f1/Editor/Data/Managed'
Mono path[1] = 'C:/Program Files/Unity/Hub/Editor/2020.3.22f1/Editor/Data/MonoBleedingEdge/lib/mono/unityjit'
Mono config path = 'C:/Program Files/Unity/Hub/Editor/2020.3.22f1/Editor/Data/MonoBleedingEdge/etc'
Using monoOptions --debugger-agent=transport=dt_socket,embedding=1,server=y,suspend=n,address=127.0.0.1:56812
Begin MonoManager ReloadAssembly
Registering precompiled unity dll's ...
Register platform support module: C:/Program Files/Unity/Hub/Editor/2020.3.22f1/Editor/Data/PlaybackEngines/WindowsStandaloneSupport/UnityEditor.WindowsStandalone.Extensions.dll
Registered in 0.001854 seconds.
Native extension for WindowsStandalone target not found
Refreshing native plugins compatible for Editor in 53.95 ms, found 3 plugins.
Preloading 0 native plugins for Editor in 0.00 ms.
Mono: successfully reloaded assembly
- Completed reload, in  2.053 seconds
Domain Reload Profiling:
	ReloadAssembly (2053ms)
		BeginReloadAssembly (57ms)
			ExecutionOrderSort (0ms)
			DisableScriptedObjects (0ms)
			BackupInstance (0ms)
			ReleaseScriptingObjects (0ms)
			CreateAndSetChildDomain (1ms)
		EndReloadAssembly (497ms)
			LoadAssemblies (55ms)
			RebuildTransferFunctionScriptingTraits (0ms)
			SetupTypeCache (161ms)
			ReleaseScriptCaches (0ms)
			RebuildScriptCaches (33ms)
			SetupLoadedEditorAssemblies (194ms)
				LogAssemblyErrors (0ms)
				InitializePlatformSupportModulesInManaged (4ms)
				SetLoadedEditorAssemblies (0ms)
				RefreshPlugins (54ms)
				BeforeProcessingInitializeOnLoad (17ms)
				ProcessInitializeOnLoadAttributes (86ms)
				ProcessInitializeOnLoadMethodAttributes (32ms)
				AfterProcessingInitializeOnLoad (0ms)
				EditorAssembliesLoaded (0ms)
			ExecutionOrderSort2 (0ms)
			AwakeInstancesAfterBackupRestoration (0ms)
Platform modules already initialized, skipping
Registering precompiled user dll's ...
Registered in 0.004712 seconds.
Begin MonoManager ReloadAssembly
Native extension for WindowsStandalone target not found
Refreshing native plugins compatible for Editor in 52.51 ms, found 3 plugins.
Preloading 0 native plugins for Editor in 0.00 ms.
Mono: successfully reloaded assembly
- Completed reload, in  1.417 seconds
Domain Reload Profiling:
	ReloadAssembly (1418ms)
		BeginReloadAssembly (152ms)
			ExecutionOrderSort (0ms)
			DisableScriptedObjects (5ms)
			BackupInstance (0ms)
			ReleaseScriptingObjects (0ms)
			CreateAndSetChildDomain (21ms)
		EndReloadAssembly (1197ms)
			LoadAssemblies (212ms)
			RebuildTransferFunctionScriptingTraits (0ms)
			SetupTypeCache (371ms)
			ReleaseScriptCaches (1ms)
			RebuildScriptCaches (52ms)
			SetupLoadedEditorAssemblies (423ms)
				LogAssemblyErrors (0ms)
				InitializePlatformSupportModulesInManaged (5ms)
				SetLoadedEditorAssemblies (0ms)
				RefreshPlugins (53ms)
				BeforeProcessingInitializeOnLoad (89ms)
				ProcessInitializeOnLoadAttributes (245ms)
				ProcessInitializeOnLoadMethodAttributes (25ms)
				AfterProcessingInitializeOnLoad (6ms)
				EditorAssembliesLoaded (0ms)
			ExecutionOrderSort2 (0ms)
			AwakeInstancesAfterBackupRestoration (8ms)
Platform modules already initialized, skipping
========================================================================
Worker process is ready to serve import requests
Launched and connected shader compiler UnityShaderCompiler.exe after 0.19 seconds
Refreshing native plugins compatible for Editor in 0.64 ms, found 3 plugins.
Preloading 0 native plugins for Editor in 0.00 ms.
Unloading 2183 Unused Serialized files (Serialized files now loaded: 0)
System memory in use before: 95.5 MB.
System memory in use after: 95.5 MB.

Unloading 28 unused Assets to reduce memory usage. Loaded Objects now: 2616.
Total: 4.788600 ms (FindLiveObjects: 0.265100 ms CreateObjectMapping: 0.090900 ms MarkObjects: 4.286000 ms  DeleteObjects: 0.145100 ms)

AssetImportParameters requested are different than current active one (requested -> active):
  custom:framework-win-MediaFoundation: 216162199b28c13a410421893ffa2e32 -> 
  custom:video-decoder-ogg-theora: a1e56fd34408186e4bbccfd4996cb3dc -> 
  custom:container-muxer-webm: aa71ff27fc2769a1b78a27578f13a17b -> 
  custom:container-demuxer-webm: 4f35f7cbe854078d1ac9338744f61a02 -> 
  custom:container-demuxer-ogg: 62fdf1f143b41e24485cea50d1cbac27 -> 
  custom:video-encoder-webm-vp8: eb34c28f22e8b96e1ab97ce403110664 -> 
  custom:video-decoder-webm-vp8: 9c59270c3fd7afecdb556c50c9e8de78 -> 
  custom:audio-decoder-ogg-vorbis: bf7c407c2cedff20999df2af8eb42d56 -> 
  custom:audio-encoder-webm-vorbis: bf7c407c2cedff20999df2af8eb42d56 -> 
========================================================================
Received Import Request.
  path: Assets/Animations/Actors
  artifactKey: Guid(bb6343769813ec643b1d2917d70c8bf1) Importer(815301076,1909f56bfc062723c751e8b465ee728b)
Start importing Assets/Animations/Actors using Guid(bb6343769813ec643b1d2917d70c8bf1) Importer(815301076,1909f56bfc062723c751e8b465ee728b)  -> (artifact id: '5fdec37df2c0ae7852194ada94740c70') in 0.010908 seconds 
  Import took 0.014667 seconds .

========================================================================
Received Import Request.
  Time since last request: 0.000365 seconds.
  path: Assets/Animations/Actors/Player/idle.anim
  artifactKey: Guid(6556b9224946f6942b08fcba6b02a358) Importer(815301076,1909f56bfc062723c751e8b465ee728b)
Start importing Assets/Animations/Actors/Player/idle.anim using Guid(6556b9224946f6942b08fcba6b02a358) Importer(815301076,1909f56bfc062723c751e8b465ee728b)  -> (artifact id: '84b0e1d8fffc1b74909be37d077a2949') in 0.040714 seconds 
  Import took 0.044781 seconds .

========================================================================
Received Import Request.
  Time since last request: 0.000383 seconds.
  path: Assets/Animations/Actors/Player/Player.controller
  artifactKey: Guid(713e7fbc3a5801048964e0c5516e0af4) Importer(815301076,1909f56bfc062723c751e8b465ee728b)
Start importing Assets/Animations/Actors/Player/Player.controller using Guid(713e7fbc3a5801048964e0c5516e0af4) Importer(815301076,1909f56bfc062723c751e8b465ee728b)  -> (artifact id: 'f6e40b1a486087794d85bfa3876fc6f9') in 0.014196 seconds 
  Import took 0.019681 seconds .

========================================================================
Received Import Request.
  Time since last request: 0.000696 seconds.
  path: Assets/Animations/Actors/Player
  artifactKey: Guid(e84eb69513be7004e966f731b005d8bd) Importer(815301076,1909f56bfc062723c751e8b465ee728b)
Start importing Assets/Animations/Actors/Player using Guid(e84eb69513be7004e966f731b005d8bd) Importer(815301076,1909f56bfc062723c751e8b465ee728b)  -> (artifact id: '8204b560654d3116cd7e7a538ba15151') in 0.003097 seconds 
  Import took 0.010056 seconds .

========================================================================
Received Import Request.
  Time since last request: 9.089016 seconds.
  path: Assets/Animations/Actors/NPCS
  artifactKey: Guid(e22401bb422f6424faf310a12f27fc13) Importer(815301076,1909f56bfc062723c751e8b465ee728b)
Start importing Assets/Animations/Actors/NPCS using Guid(e22401bb422f6424faf310a12f27fc13) Importer(815301076,1909f56bfc062723c751e8b465ee728b)  -> (artifact id: '90170d5c51bf72be84bccf267f90cc06') in 0.010139 seconds 
  Import took 0.014824 seconds .

========================================================================
Received Import Request.
  Time since last request: 7.542916 seconds.
  path: Assets/Animations/Actors/Enimies
  artifactKey: Guid(db5746e61c49e954685ff0ff4ac52f55) Importer(815301076,1909f56bfc062723c751e8b465ee728b)
Start importing Assets/Animations/Actors/Enimies using Guid(db5746e61c49e954685ff0ff4ac52f55) Importer(815301076,1909f56bfc062723c751e8b465ee728b)  -> (artifact id: '2a85a9431e436ce2447a0e718dbb86f8') in 0.009017 seconds 
  Import took 0.015051 seconds .

========================================================================
Received Import Request.
  Time since last request: 22.640656 seconds.
  path: Assets/Sprites/CHARACTERS/ANIMATION/BASE CHARACTER/PNG/WITH_FX/spr_axe_strip10.png
  artifactKey: Guid(25a81619eda2b5a4ebb78ce6bba67c04) Importer(815301076,1909f56bfc062723c751e8b465ee728b)
Start importing Assets/Sprites/CHARACTERS/ANIMATION/BASE CHARACTER/PNG/WITH_FX/spr_axe_strip10.png using Guid(25a81619eda2b5a4ebb78ce6bba67c04) Importer(815301076,1909f56bfc062723c751e8b465ee728b)  -> (artifact id: '09af6614f297017416476a9c1c951a0d') in 0.049676 seconds 
  Import took 0.054936 seconds .

========================================================================
Received Import Request.
  Time since last request: 0.000296 seconds.
  path: Assets/Sprites/CHARACTERS/ANIMATION/BASE CHARACTER/PNG/WITH_FX/spr_walking_strip8.png
  artifactKey: Guid(c3e47cc4a12945348ba4eafd23e4f8e7) Importer(815301076,1909f56bfc062723c751e8b465ee728b)
Start importing Assets/Sprites/CHARACTERS/ANIMATION/BASE CHARACTER/PNG/WITH_FX/spr_walking_strip8.png using Guid(c3e47cc4a12945348ba4eafd23e4f8e7) Importer(815301076,1909f56bfc062723c751e8b465ee728b)  -> (artifact id: 'e7b5b5579d8e439429426d7d9e3cbc96') in 0.016804 seconds 
  Import took 0.020209 seconds .

========================================================================
Received Import Request.
  Time since last request: 0.000304 seconds.
  path: Assets/Sprites/CHARACTERS/ANIMATION/BASE CHARACTER/PNG/WITH_FX/spr_hammering_strip23.png
  artifactKey: Guid(467bb9c4d55a81540bdf3fe6a1e56ff4) Importer(815301076,1909f56bfc062723c751e8b465ee728b)
Start importing Assets/Sprites/CHARACTERS/ANIMATION/BASE CHARACTER/PNG/WITH_FX/spr_hammering_strip23.png using Guid(467bb9c4d55a81540bdf3fe6a1e56ff4) Importer(815301076,1909f56bfc062723c751e8b465ee728b)  -> (artifact id: 'c6930bc9d479a0aa86f37ecdb2dffeb3') in 0.022095 seconds 
  Import took 0.027325 seconds .

========================================================================
Received Import Request.
  Time since last request: 0.000753 seconds.
  path: Assets/Sprites/CHARACTERS/ANIMATION/BASE CHARACTER/PNG/WITH_FX/spr_dig_strip13.png
  artifactKey: Guid(baa65f3c71e419045b8868fab43e8f98) Importer(815301076,1909f56bfc062723c751e8b465ee728b)
Start importing Assets/Sprites/CHARACTERS/ANIMATION/BASE CHARACTER/PNG/WITH_FX/spr_dig_strip13.png using Guid(baa65f3c71e419045b8868fab43e8f98) Importer(815301076,1909f56bfc062723c751e8b465ee728b)  -> (artifact id: '1798ea95628a76f4d2c6f0d1f1e733a1') in 0.020848 seconds 
  Import took 0.026202 seconds .

========================================================================
Received Import Request.
  Time since last request: 0.000439 seconds.
  path: Assets/Sprites/CHARACTERS/ANIMATION/BASE CHARACTER/PNG/WITH_FX/spr_carry_strip8.png
  artifactKey: Guid(663046502b727a442af6cd50c7732ac9) Importer(815301076,1909f56bfc062723c751e8b465ee728b)
Start importing Assets/Sprites/CHARACTERS/ANIMATION/BASE CHARACTER/PNG/WITH_FX/spr_carry_strip8.png using Guid(663046502b727a442af6cd50c7732ac9) Importer(815301076,1909f56bfc062723c751e8b465ee728b)  -> (artifact id: '5b2d20f8bbeb9f5f9dd505f03bc0257e') in 0.016856 seconds 
  Import took 0.021160 seconds .

========================================================================
Received Import Request.
  Time since last request: 0.000324 seconds.
  path: Assets/Sprites/CHARACTERS/ANIMATION/BASE CHARACTER/PNG/WITH_FX/spr_roll_strip10.png
  artifactKey: Guid(8cf65f4b39f112d4babc57efc2feb505) Importer(815301076,1909f56bfc062723c751e8b465ee728b)
Start importing Assets/Sprites/CHARACTERS/ANIMATION/BASE CHARACTER/PNG/WITH_FX/spr_roll_strip10.png using Guid(8cf65f4b39f112d4babc57efc2feb505) Importer(815301076,1909f56bfc062723c751e8b465ee728b)  -> (artifact id: 'e76fa539add75b7e9788995c2446b35f') in 0.019261 seconds 
  Import took 0.024524 seconds .

========================================================================
Received Import Request.
  Time since last request: 0.000322 seconds.
  path: Assets/Sprites/CHARACTERS/ANIMATION/BASE CHARACTER/PNG/WITH_FX/spr_casting_strip15.png
  artifactKey: Guid(07b914013140e6e4483c4adbaed5b7a6) Importer(815301076,1909f56bfc062723c751e8b465ee728b)
Start importing Assets/Sprites/CHARACTERS/ANIMATION/BASE CHARACTER/PNG/WITH_FX/spr_casting_strip15.png using Guid(07b914013140e6e4483c4adbaed5b7a6) Importer(815301076,1909f56bfc062723c751e8b465ee728b)  -> (artifact id: '7866107ec996f32b55c5d68352f9ebec') in 0.018437 seconds 
  Import took 0.023637 seconds .

========================================================================
Received Import Request.
  Time since last request: 0.000478 seconds.
  path: Assets/Sprites/CHARACTERS/ANIMATION/BASE CHARACTER/PNG/WITH_FX/spr_run_strip8.png
  artifactKey: Guid(4aa4ab4144070844db50a1f07d6dcb98) Importer(815301076,1909f56bfc062723c751e8b465ee728b)
Start importing Assets/Sprites/CHARACTERS/ANIMATION/BASE CHARACTER/PNG/WITH_FX/spr_run_strip8.png using Guid(4aa4ab4144070844db50a1f07d6dcb98) Importer(815301076,1909f56bfc062723c751e8b465ee728b)  -> (artifact id: 'af6df8a6c746c07d862a59d73c1a88b7') in 0.017045 seconds 
  Import took 0.023305 seconds .

========================================================================
Received Import Request.
  Time since last request: 0.000341 seconds.
  path: Assets/Sprites/CHARACTERS/ANIMATION/BASE CHARACTER/PNG/WITH_FX/spr_reeling_strip13.png
  artifactKey: Guid(72d9f08b76f61c5499aac71548f7b64e) Importer(815301076,1909f56bfc062723c751e8b465ee728b)
Start importing Assets/Sprites/CHARACTERS/ANIMATION/BASE CHARACTER/PNG/WITH_FX/spr_reeling_strip13.png using Guid(72d9f08b76f61c5499aac71548f7b64e) Importer(815301076,1909f56bfc062723c751e8b465ee728b)  -> (artifact id: 'df4d4cd204bed5fa93b94b1bf5cc124c') in 0.015524 seconds 
  Import took 0.021368 seconds .

========================================================================
Received Import Request.
  Time since last request: 0.000314 seconds.
  path: Assets/Sprites/CHARACTERS/ANIMATION/BASE CHARACTER/PNG/WITH_FX/spr_waiting_strip9.png
  artifactKey: Guid(4b555157a80037a46884d1806b5bb70e) Importer(815301076,1909f56bfc062723c751e8b465ee728b)
Start importing Assets/Sprites/CHARACTERS/ANIMATION/BASE CHARACTER/PNG/WITH_FX/spr_waiting_strip9.png using Guid(4b555157a80037a46884d1806b5bb70e) Importer(815301076,1909f56bfc062723c751e8b465ee728b)  -> (artifact id: '403733f7a04c51bb7e6d43dd94d5f3fa') in 0.018386 seconds 
  Import took 0.022817 seconds .

========================================================================
Received Import Request.
  Time since last request: 0.000916 seconds.
  path: Assets/Sprites/CHARACTERS/ANIMATION/BASE CHARACTER/PNG/WITH_FX/spr_swimming_strip12.png
  artifactKey: Guid(b8bc9c319671c444681817d5fa0ff8ee) Importer(815301076,1909f56bfc062723c751e8b465ee728b)
Start importing Assets/Sprites/CHARACTERS/ANIMATION/BASE CHARACTER/PNG/WITH_FX/spr_swimming_strip12.png using Guid(b8bc9c319671c444681817d5fa0ff8ee) Importer(815301076,1909f56bfc062723c751e8b465ee728b)  -> (artifact id: 'a72953c3589e9d49ffdb92ccd86ab36a') in 0.018219 seconds 
  Import took 0.022693 seconds .

========================================================================
Received Import Request.
  Time since last request: 0.000556 seconds.
  path: Assets/Sprites/CHARACTERS/ANIMATION/BASE CHARACTER/PNG/WITH_FX/spr_death_strip13.png
  artifactKey: Guid(4b08d1c66ed6dd24d81d74dbfa46aa73) Importer(815301076,1909f56bfc062723c751e8b465ee728b)
Start importing Assets/Sprites/CHARACTERS/ANIMATION/BASE CHARACTER/PNG/WITH_FX/spr_death_strip13.png using Guid(4b08d1c66ed6dd24d81d74dbfa46aa73) Importer(815301076,1909f56bfc062723c751e8b465ee728b)  -> (artifact id: '9cce0846490776c58edc7ba1ed8c3cb7') in 0.016393 seconds 
  Import took 0.021161 seconds .

========================================================================
Received Import Request.
  Time since last request: 0.000336 seconds.
  path: Assets/Sprites/CHARACTERS/ANIMATION/BASE CHARACTER/PNG/WITH_FX/spr_doing_strip8.png
  artifactKey: Guid(35f23a4099c12f743840aa9ec9434cd7) Importer(815301076,1909f56bfc062723c751e8b465ee728b)
Start importing Assets/Sprites/CHARACTERS/ANIMATION/BASE CHARACTER/PNG/WITH_FX/spr_doing_strip8.png using Guid(35f23a4099c12f743840aa9ec9434cd7) Importer(815301076,1909f56bfc062723c751e8b465ee728b)  -> (artifact id: '7d25483057f7e0db2852b4e4e620fff7') in 0.017291 seconds 
  Import took 0.024035 seconds .

========================================================================
Received Import Request.
  Time since last request: 0.000419 seconds.
  path: Assets/Sprites/CHARACTERS/ANIMATION/BASE CHARACTER/PNG/WITH_FX/spr_watering_strip5.png
  artifactKey: Guid(9a09c3d2534c80c489e83f69078db631) Importer(815301076,1909f56bfc062723c751e8b465ee728b)
Start importing Assets/Sprites/CHARACTERS/ANIMATION/BASE CHARACTER/PNG/WITH_FX/spr_watering_strip5.png using Guid(9a09c3d2534c80c489e83f69078db631) Importer(815301076,1909f56bfc062723c751e8b465ee728b)  -> (artifact id: '3800715c7b4f271b1c556a1202a5a7b2') in 0.020422 seconds 
  Import took 0.025164 seconds .

========================================================================
Received Import Request.
  Time since last request: 0.000327 seconds.
  path: Assets/Sprites/CHARACTERS/ANIMATION/BASE CHARACTER/PNG/WITH_FX/spr_idle_strip9.png
  artifactKey: Guid(a538c6bd76588e84db738c7f1303a602) Importer(815301076,1909f56bfc062723c751e8b465ee728b)
Start importing Assets/Sprites/CHARACTERS/ANIMATION/BASE CHARACTER/PNG/WITH_FX/spr_idle_strip9.png using Guid(a538c6bd76588e84db738c7f1303a602) Importer(815301076,1909f56bfc062723c751e8b465ee728b)  -> (artifact id: 'f92edc6330f2bbe1ad5a030f46c6e0e8') in 0.096935 seconds 
  Import took 0.101248 seconds .

========================================================================
Received Import Request.
  Time since last request: 0.000261 seconds.
  path: Assets/Sprites/CHARACTERS/ANIMATION/BASE CHARACTER/PNG/WITH_FX/spr_jump_strip9.png
  artifactKey: Guid(de27a37e33556484b9826701f11b07b2) Importer(815301076,1909f56bfc062723c751e8b465ee728b)
Start importing Assets/Sprites/CHARACTERS/ANIMATION/BASE CHARACTER/PNG/WITH_FX/spr_jump_strip9.png using Guid(de27a37e33556484b9826701f11b07b2) Importer(815301076,1909f56bfc062723c751e8b465ee728b)  -> (artifact id: '5a6e54d8a11c8485ff85bbeff711afb2') in 0.019152 seconds 
  Import took 0.023231 seconds .

========================================================================
Received Import Request.
  Time since last request: 0.000268 seconds.
  path: Assets/Sprites/CHARACTERS/ANIMATION/BASE CHARACTER/PNG/WITH_FX/spr_sword_strip10.png
  artifactKey: Guid(29b2050de51a40d4aa35ea3605a600b5) Importer(815301076,1909f56bfc062723c751e8b465ee728b)
Start importing Assets/Sprites/CHARACTERS/ANIMATION/BASE CHARACTER/PNG/WITH_FX/spr_sword_strip10.png using Guid(29b2050de51a40d4aa35ea3605a600b5) Importer(815301076,1909f56bfc062723c751e8b465ee728b)  -> (artifact id: '330ecc8913e2fb16bcf236ad68518d10') in 0.018837 seconds 
  Import took 0.023653 seconds .

========================================================================
Received Import Request.
  Time since last request: 0.000347 seconds.
  path: Assets/Sprites/CHARACTERS/ANIMATION/BASE CHARACTER/PNG/WITH_FX/spr_mining_strip10.png
  artifactKey: Guid(a7363ed81a7305b4d956ddbc7d54bd0f) Importer(815301076,1909f56bfc062723c751e8b465ee728b)
Start importing Assets/Sprites/CHARACTERS/ANIMATION/BASE CHARACTER/PNG/WITH_FX/spr_mining_strip10.png using Guid(a7363ed81a7305b4d956ddbc7d54bd0f) Importer(815301076,1909f56bfc062723c751e8b465ee728b)  -> (artifact id: '8293a6c7f75384bf0621c438ae65a28f') in 0.016186 seconds 
  Import took 0.023879 seconds .

========================================================================
Received Import Request.
  Time since last request: 0.000339 seconds.
  path: Assets/Sprites/CHARACTERS/ANIMATION/BASE CHARACTER/PNG/WITH_FX/spr_caught_strip10.png
  artifactKey: Guid(746cfeb5a8d62554b9fc7ec4b84b1afd) Importer(815301076,1909f56bfc062723c751e8b465ee728b)
Start importing Assets/Sprites/CHARACTERS/ANIMATION/BASE CHARACTER/PNG/WITH_FX/spr_caught_strip10.png using Guid(746cfeb5a8d62554b9fc7ec4b84b1afd) Importer(815301076,1909f56bfc062723c751e8b465ee728b)  -> (artifact id: '412c2878055e31f329a4ab5b30747288') in 0.017027 seconds 
  Import took 0.021923 seconds .

========================================================================
Received Import Request.
  Time since last request: 0.000403 seconds.
  path: Assets/Sprites/CHARACTERS/ANIMATION/BASE CHARACTER/PNG/WITH_FX/spr_hurt_strip8.png
  artifactKey: Guid(ef7ecdcc47f7338499382dac770763f4) Importer(815301076,1909f56bfc062723c751e8b465ee728b)
Start importing Assets/Sprites/CHARACTERS/ANIMATION/BASE CHARACTER/PNG/WITH_FX/spr_hurt_strip8.png using Guid(ef7ecdcc47f7338499382dac770763f4) Importer(815301076,1909f56bfc062723c751e8b465ee728b)  -> (artifact id: '7bfddc86b5b5a9286f19460facef870b') in 0.016528 seconds 
  Import took 0.022084 seconds .

========================================================================
Received Import Request.
  Time since last request: 29.101598 seconds.
  path: Assets/Sprites/CHARACTERS/ANIMATION/BASE CHARACTER/PNG/WITH_FX/spr_walking_strip8.png
  artifactKey: Guid(c3e47cc4a12945348ba4eafd23e4f8e7) Importer(815301076,1909f56bfc062723c751e8b465ee728b)
Start importing Assets/Sprites/CHARACTERS/ANIMATION/BASE CHARACTER/PNG/WITH_FX/spr_walking_strip8.png using Guid(c3e47cc4a12945348ba4eafd23e4f8e7) Importer(815301076,1909f56bfc062723c751e8b465ee728b)  -> (artifact id: '0de5f2b3fe513e892a666603cc20c84f') in 0.055247 seconds 
  Import took 0.060145 seconds .

========================================================================
Received Import Request.
  Time since last request: 940.628658 seconds.
  path: Assets/Sprites/Example Scene.png
  artifactKey: Guid(38071e3f51b0e9a4e8b964f58a2d71fa) Importer(815301076,1909f56bfc062723c751e8b465ee728b)
Start importing Assets/Sprites/Example Scene.png using Guid(38071e3f51b0e9a4e8b964f58a2d71fa) Importer(815301076,1909f56bfc062723c751e8b465ee728b)  -> (artifact id: '9efe830bfafbb7e9b3a1c60cb649a08a') in 0.075297 seconds 
  Import took 0.080503 seconds .

========================================================================
Received Import Request.
  Time since last request: 0.000360 seconds.
  path: Assets/Sprites/SUNNYSIDE_WORLD_BUILDINGS_V0.01.png
  artifactKey: Guid(69eca9cf603564244a52dad0d3607af9) Importer(815301076,1909f56bfc062723c751e8b465ee728b)
Start importing Assets/Sprites/SUNNYSIDE_WORLD_BUILDINGS_V0.01.png using Guid(69eca9cf603564244a52dad0d3607af9) Importer(815301076,1909f56bfc062723c751e8b465ee728b)  -> (artifact id: 'ef9e78d778c3df9c77ad12b4c0fb7c23') in 0.038667 seconds 
  Import took 0.042800 seconds .

========================================================================
Received Import Request.
  Time since last request: 0.000354 seconds.
  path: Assets/Sprites/Houses_props.png
  artifactKey: Guid(eda0e58e1fefaa44896522f359d6d9f9) Importer(815301076,1909f56bfc062723c751e8b465ee728b)
Start importing Assets/Sprites/Houses_props.png using Guid(eda0e58e1fefaa44896522f359d6d9f9) Importer(815301076,1909f56bfc062723c751e8b465ee728b)  -> (artifact id: '93bf2dba0592dd3f78160c0c39417e10') in 0.037132 seconds 
  Import took 0.040975 seconds .

========================================================================
Received Import Request.
  Time since last request: 7.330800 seconds.
  path: Assets/Scripts
  artifactKey: Guid(9e57039a161b77d47a62afa5a4c200c4) Importer(815301076,1909f56bfc062723c751e8b465ee728b)
Start importing Assets/Scripts using Guid(9e57039a161b77d47a62afa5a4c200c4) Importer(815301076,1909f56bfc062723c751e8b465ee728b)  -> (artifact id: 'dd5da939f891769890c72e574f9faa4b') in 0.010183 seconds 
  Import took 0.015188 seconds .

========================================================================
Received Prepare
Registering precompiled user dll's ...
Registered in 0.004193 seconds.
Begin MonoManager ReloadAssembly
Native extension for WindowsStandalone target not found
Refreshing native plugins compatible for Editor in 3.30 ms, found 3 plugins.
Preloading 0 native plugins for Editor in 0.00 ms.
Mono: successfully reloaded assembly
- Completed reload, in  1.412 seconds
Domain Reload Profiling:
	ReloadAssembly (1413ms)
		BeginReloadAssembly (147ms)
			ExecutionOrderSort (0ms)
			DisableScriptedObjects (19ms)
			BackupInstance (0ms)
			ReleaseScriptingObjects (0ms)
			CreateAndSetChildDomain (46ms)
		EndReloadAssembly (1166ms)
			LoadAssemblies (107ms)
			RebuildTransferFunctionScriptingTraits (0ms)
			SetupTypeCache (433ms)
			ReleaseScriptCaches (1ms)
			RebuildScriptCaches (47ms)
			SetupLoadedEditorAssemblies (432ms)
				LogAssemblyErrors (0ms)
				InitializePlatformSupportModulesInManaged (10ms)
				SetLoadedEditorAssemblies (2ms)
				RefreshPlugins (3ms)
				BeforeProcessingInitializeOnLoad (102ms)
				ProcessInitializeOnLoadAttributes (289ms)
				ProcessInitializeOnLoadMethodAttributes (17ms)
				AfterProcessingInitializeOnLoad (8ms)
				EditorAssembliesLoaded (0ms)
			ExecutionOrderSort2 (0ms)
			AwakeInstancesAfterBackupRestoration (10ms)
Platform modules already initialized, skipping
Refreshing native plugins compatible for Editor in 1.18 ms, found 3 plugins.
Preloading 0 native plugins for Editor in 0.00 ms.
Unloading 2173 Unused Serialized files (Serialized files now loaded: 0)
System memory in use before: 97.8 MB.
System memory in use after: 97.9 MB.

Unloading 17 unused Assets to reduce memory usage. Loaded Objects now: 2637.
Total: 4.913600 ms (FindLiveObjects: 0.292400 ms CreateObjectMapping: 0.112800 ms MarkObjects: 4.476900 ms  DeleteObjects: 0.030000 ms)

AssetImportParameters requested are different than current active one (requested -> active):
  custom:framework-win-MediaFoundation: 216162199b28c13a410421893ffa2e32 -> 
  custom:video-decoder-ogg-theora: a1e56fd34408186e4bbccfd4996cb3dc -> 
  custom:container-muxer-webm: aa71ff27fc2769a1b78a27578f13a17b -> 
  custom:container-demuxer-webm: 4f35f7cbe854078d1ac9338744f61a02 -> 
  custom:container-demuxer-ogg: 62fdf1f143b41e24485cea50d1cbac27 -> 
  custom:video-encoder-webm-vp8: eb34c28f22e8b96e1ab97ce403110664 -> 
  custom:video-decoder-webm-vp8: 9c59270c3fd7afecdb556c50c9e8de78 -> 
  custom:audio-decoder-ogg-vorbis: bf7c407c2cedff20999df2af8eb42d56 -> 
  custom:audio-encoder-webm-vorbis: bf7c407c2cedff20999df2af8eb42d56 -> 
========================================================================
Received Import Request.
  Time since last request: 68.345778 seconds.
  path: Assets/Scripts/PlayerAnim.cs
  artifactKey: Guid(61286e5a039ec97498d26c17d0267a1c) Importer(815301076,1909f56bfc062723c751e8b465ee728b)
Start importing Assets/Scripts/PlayerAnim.cs using Guid(61286e5a039ec97498d26c17d0267a1c) Importer(815301076,1909f56bfc062723c751e8b465ee728b)  -> (artifact id: 'c522c069d20ac8e26de4da9dd7e3e56a') in 0.263870 seconds 
  Import took 0.268905 seconds .

========================================================================
Received Prepare
Registering precompiled user dll's ...
Registered in 0.004351 seconds.
Begin MonoManager ReloadAssembly
Native extension for WindowsStandalone target not found
Refreshing native plugins compatible for Editor in 0.64 ms, found 3 plugins.
Preloading 0 native plugins for Editor in 0.00 ms.
Mono: successfully reloaded assembly
- Completed reload, in  1.275 seconds
Domain Reload Profiling:
	ReloadAssembly (1276ms)
		BeginReloadAssembly (169ms)
			ExecutionOrderSort (0ms)
			DisableScriptedObjects (10ms)
			BackupInstance (0ms)
			ReleaseScriptingObjects (0ms)
			CreateAndSetChildDomain (58ms)
		EndReloadAssembly (1016ms)
			LoadAssemblies (110ms)
			RebuildTransferFunctionScriptingTraits (0ms)
			SetupTypeCache (398ms)
			ReleaseScriptCaches (1ms)
			RebuildScriptCaches (60ms)
			SetupLoadedEditorAssemblies (332ms)
				LogAssemblyErrors (0ms)
				InitializePlatformSupportModulesInManaged (7ms)
				SetLoadedEditorAssemblies (0ms)
				RefreshPlugins (1ms)
				BeforeProcessingInitializeOnLoad (91ms)
				ProcessInitializeOnLoadAttributes (215ms)
				ProcessInitializeOnLoadMethodAttributes (12ms)
				AfterProcessingInitializeOnLoad (6ms)
				EditorAssembliesLoaded (0ms)
			ExecutionOrderSort2 (0ms)
			AwakeInstancesAfterBackupRestoration (10ms)
Platform modules already initialized, skipping
Refreshing native plugins compatible for Editor in 0.60 ms, found 3 plugins.
Preloading 0 native plugins for Editor in 0.00 ms.
Unloading 2173 Unused Serialized files (Serialized files now loaded: 0)
System memory in use before: 97.9 MB.
System memory in use after: 98.0 MB.

Unloading 17 unused Assets to reduce memory usage. Loaded Objects now: 2639.
Total: 3.732800 ms (FindLiveObjects: 0.219500 ms CreateObjectMapping: 0.080800 ms MarkObjects: 3.411000 ms  DeleteObjects: 0.020400 ms)

AssetImportParameters requested are different than current active one (requested -> active):
  custom:framework-win-MediaFoundation: 216162199b28c13a410421893ffa2e32 -> 
  custom:video-decoder-ogg-theora: a1e56fd34408186e4bbccfd4996cb3dc -> 
  custom:container-muxer-webm: aa71ff27fc2769a1b78a27578f13a17b -> 
  custom:container-demuxer-webm: 4f35f7cbe854078d1ac9338744f61a02 -> 
  custom:container-demuxer-ogg: 62fdf1f143b41e24485cea50d1cbac27 -> 
  custom:video-encoder-webm-vp8: eb34c28f22e8b96e1ab97ce403110664 -> 
  custom:video-decoder-webm-vp8: 9c59270c3fd7afecdb556c50c9e8de78 -> 
  custom:audio-decoder-ogg-vorbis: bf7c407c2cedff20999df2af8eb42d56 -> 
  custom:audio-encoder-webm-vorbis: bf7c407c2cedff20999df2af8eb42d56 -> 
========================================================================
Received Prepare
Registering precompiled user dll's ...
Registered in 0.004738 seconds.
Begin MonoManager ReloadAssembly
Native extension for WindowsStandalone target not found
Refreshing native plugins compatible for Editor in 0.94 ms, found 3 plugins.
Preloading 0 native plugins for Editor in 0.00 ms.
Mono: successfully reloaded assembly
- Completed reload, in  1.254 seconds
Domain Reload Profiling:
	ReloadAssembly (1255ms)
		BeginReloadAssembly (144ms)
			ExecutionOrderSort (0ms)
			DisableScriptedObjects (6ms)
			BackupInstance (0ms)
			ReleaseScriptingObjects (0ms)
			CreateAndSetChildDomain (47ms)
		EndReloadAssembly (1037ms)
			LoadAssemblies (119ms)
			RebuildTransferFunctionScriptingTraits (0ms)
			SetupTypeCache (397ms)
			ReleaseScriptCaches (1ms)
			RebuildScriptCaches (46ms)
			SetupLoadedEditorAssemblies (360ms)
				LogAssemblyErrors (0ms)
				InitializePlatformSupportModulesInManaged (6ms)
				SetLoadedEditorAssemblies (0ms)
				RefreshPlugins (1ms)
				BeforeProcessingInitializeOnLoad (95ms)
				ProcessInitializeOnLoadAttributes (238ms)
				ProcessInitializeOnLoadMethodAttributes (14ms)
				AfterProcessingInitializeOnLoad (6ms)
				EditorAssembliesLoaded (0ms)
			ExecutionOrderSort2 (0ms)
			AwakeInstancesAfterBackupRestoration (10ms)
Platform modules already initialized, skipping
Refreshing native plugins compatible for Editor in 0.63 ms, found 3 plugins.
Preloading 0 native plugins for Editor in 0.00 ms.
Unloading 2173 Unused Serialized files (Serialized files now loaded: 0)
System memory in use before: 97.9 MB.
System memory in use after: 98.0 MB.

Unloading 17 unused Assets to reduce memory usage. Loaded Objects now: 2641.
Total: 3.684000 ms (FindLiveObjects: 0.246500 ms CreateObjectMapping: 0.098800 ms MarkObjects: 3.290500 ms  DeleteObjects: 0.046900 ms)

AssetImportParameters requested are different than current active one (requested -> active):
  custom:framework-win-MediaFoundation: 216162199b28c13a410421893ffa2e32 -> 
  custom:video-decoder-ogg-theora: a1e56fd34408186e4bbccfd4996cb3dc -> 
  custom:container-muxer-webm: aa71ff27fc2769a1b78a27578f13a17b -> 
  custom:container-demuxer-webm: 4f35f7cbe854078d1ac9338744f61a02 -> 
  custom:container-demuxer-ogg: 62fdf1f143b41e24485cea50d1cbac27 -> 
  custom:video-encoder-webm-vp8: eb34c28f22e8b96e1ab97ce403110664 -> 
  custom:video-decoder-webm-vp8: 9c59270c3fd7afecdb556c50c9e8de78 -> 
  custom:audio-decoder-ogg-vorbis: bf7c407c2cedff20999df2af8eb42d56 -> 
  custom:audio-encoder-webm-vorbis: bf7c407c2cedff20999df2af8eb42d56 -> 
========================================================================
Received Prepare
Registering precompiled user dll's ...
Registered in 0.006897 seconds.
Begin MonoManager ReloadAssembly
Native extension for WindowsStandalone target not found
Refreshing native plugins compatible for Editor in 0.64 ms, found 3 plugins.
Preloading 0 native plugins for Editor in 0.00 ms.
Mono: successfully reloaded assembly
- Completed reload, in  1.134 seconds
Domain Reload Profiling:
	ReloadAssembly (1135ms)
		BeginReloadAssembly (133ms)
			ExecutionOrderSort (0ms)
			DisableScriptedObjects (9ms)
			BackupInstance (0ms)
			ReleaseScriptingObjects (0ms)
			CreateAndSetChildDomain (42ms)
		EndReloadAssembly (923ms)
			LoadAssemblies (106ms)
			RebuildTransferFunctionScriptingTraits (0ms)
			SetupTypeCache (324ms)
			ReleaseScriptCaches (1ms)
			RebuildScriptCaches (46ms)
			SetupLoadedEditorAssemblies (340ms)
				LogAssemblyErrors (0ms)
				InitializePlatformSupportModulesInManaged (5ms)
				SetLoadedEditorAssemblies (1ms)
				RefreshPlugins (1ms)
				BeforeProcessingInitializeOnLoad (89ms)
				ProcessInitializeOnLoadAttributes (224ms)
				ProcessInitializeOnLoadMethodAttributes (14ms)
				AfterProcessingInitializeOnLoad (6ms)
				EditorAssembliesLoaded (0ms)
			ExecutionOrderSort2 (0ms)
			AwakeInstancesAfterBackupRestoration (10ms)
Platform modules already initialized, skipping
Refreshing native plugins compatible for Editor in 0.70 ms, found 3 plugins.
Preloading 0 native plugins for Editor in 0.00 ms.
Unloading 2173 Unused Serialized files (Serialized files now loaded: 0)
System memory in use before: 97.9 MB.
System memory in use after: 98.0 MB.

Unloading 17 unused Assets to reduce memory usage. Loaded Objects now: 2643.
Total: 4.393800 ms (FindLiveObjects: 0.348100 ms CreateObjectMapping: 0.113300 ms MarkObjects: 3.860700 ms  DeleteObjects: 0.070400 ms)

AssetImportParameters requested are different than current active one (requested -> active):
  custom:framework-win-MediaFoundation: 216162199b28c13a410421893ffa2e32 -> 
  custom:video-decoder-ogg-theora: a1e56fd34408186e4bbccfd4996cb3dc -> 
  custom:container-muxer-webm: aa71ff27fc2769a1b78a27578f13a17b -> 
  custom:container-demuxer-webm: 4f35f7cbe854078d1ac9338744f61a02 -> 
  custom:container-demuxer-ogg: 62fdf1f143b41e24485cea50d1cbac27 -> 
  custom:video-encoder-webm-vp8: eb34c28f22e8b96e1ab97ce403110664 -> 
  custom:video-decoder-webm-vp8: 9c59270c3fd7afecdb556c50c9e8de78 -> 
  custom:audio-decoder-ogg-vorbis: bf7c407c2cedff20999df2af8eb42d56 -> 
  custom:audio-encoder-webm-vorbis: bf7c407c2cedff20999df2af8eb42d56 -> 
========================================================================
Received Prepare
Registering precompiled user dll's ...
Registered in 0.004744 seconds.
Begin MonoManager ReloadAssembly
Native extension for WindowsStandalone target not found
Refreshing native plugins compatible for Editor in 1.45 ms, found 3 plugins.
Preloading 0 native plugins for Editor in 0.00 ms.
Mono: successfully reloaded assembly
- Completed reload, in  1.971 seconds
Domain Reload Profiling:
	ReloadAssembly (1971ms)
		BeginReloadAssembly (224ms)
			ExecutionOrderSort (0ms)
			DisableScriptedObjects (13ms)
			BackupInstance (0ms)
			ReleaseScriptingObjects (0ms)
			CreateAndSetChildDomain (76ms)
		EndReloadAssembly (1632ms)
			LoadAssemblies (172ms)
			RebuildTransferFunctionScriptingTraits (0ms)
			SetupTypeCache (579ms)
			ReleaseScriptCaches (2ms)
			RebuildScriptCaches (91ms)
			SetupLoadedEditorAssemblies (606ms)
				LogAssemblyErrors (0ms)
				InitializePlatformSupportModulesInManaged (10ms)
				SetLoadedEditorAssemblies (2ms)
				RefreshPlugins (2ms)
				BeforeProcessingInitializeOnLoad (161ms)
				ProcessInitializeOnLoadAttributes (398ms)
				ProcessInitializeOnLoadMethodAttributes (26ms)
				AfterProcessingInitializeOnLoad (8ms)
				EditorAssembliesLoaded (0ms)
			ExecutionOrderSort2 (0ms)
			AwakeInstancesAfterBackupRestoration (17ms)
Platform modules already initialized, skipping
Refreshing native plugins compatible for Editor in 0.77 ms, found 3 plugins.
Preloading 0 native plugins for Editor in 0.00 ms.
Unloading 2173 Unused Serialized files (Serialized files now loaded: 0)
System memory in use before: 97.9 MB.
System memory in use after: 98.0 MB.

Unloading 17 unused Assets to reduce memory usage. Loaded Objects now: 2645.
Total: 6.893200 ms (FindLiveObjects: 0.458200 ms CreateObjectMapping: 0.460400 ms MarkObjects: 5.873900 ms  DeleteObjects: 0.096800 ms)

AssetImportParameters requested are different than current active one (requested -> active):
  custom:framework-win-MediaFoundation: 216162199b28c13a410421893ffa2e32 -> 
  custom:video-decoder-ogg-theora: a1e56fd34408186e4bbccfd4996cb3dc -> 
  custom:container-muxer-webm: aa71ff27fc2769a1b78a27578f13a17b -> 
  custom:container-demuxer-webm: 4f35f7cbe854078d1ac9338744f61a02 -> 
  custom:container-demuxer-ogg: 62fdf1f143b41e24485cea50d1cbac27 -> 
  custom:video-encoder-webm-vp8: eb34c28f22e8b96e1ab97ce403110664 -> 
  custom:video-decoder-webm-vp8: 9c59270c3fd7afecdb556c50c9e8de78 -> 
  custom:audio-decoder-ogg-vorbis: bf7c407c2cedff20999df2af8eb42d56 -> 
  custom:audio-encoder-webm-vorbis: bf7c407c2cedff20999df2af8eb42d56 -> 
========================================================================
Received Prepare
Registering precompiled user dll's ...
Registered in 0.004597 seconds.
Begin MonoManager ReloadAssembly
Native extension for WindowsStandalone target not found
Refreshing native plugins compatible for Editor in 0.53 ms, found 3 plugins.
Preloading 0 native plugins for Editor in 0.00 ms.
Mono: successfully reloaded assembly
- Completed reload, in  1.144 seconds
Domain Reload Profiling:
	ReloadAssembly (1145ms)
		BeginReloadAssembly (132ms)
			ExecutionOrderSort (0ms)
			DisableScriptedObjects (7ms)
			BackupInstance (0ms)
			ReleaseScriptingObjects (0ms)
			CreateAndSetChildDomain (46ms)
		EndReloadAssembly (930ms)
			LoadAssemblies (99ms)
			RebuildTransferFunctionScriptingTraits (0ms)
			SetupTypeCache (346ms)
			ReleaseScriptCaches (1ms)
			RebuildScriptCaches (45ms)
			SetupLoadedEditorAssemblies (329ms)
				LogAssemblyErrors (0ms)
				InitializePlatformSupportModulesInManaged (6ms)
				SetLoadedEditorAssemblies (0ms)
				RefreshPlugins (1ms)
				BeforeProcessingInitializeOnLoad (92ms)
				ProcessInitializeOnLoadAttributes (213ms)
				ProcessInitializeOnLoadMethodAttributes (11ms)
				AfterProcessingInitializeOnLoad (6ms)
				EditorAssembliesLoaded (0ms)
			ExecutionOrderSort2 (0ms)
			AwakeInstancesAfterBackupRestoration (9ms)
Platform modules already initialized, skipping
Refreshing native plugins compatible for Editor in 0.85 ms, found 3 plugins.
Preloading 0 native plugins for Editor in 0.00 ms.
Unloading 2173 Unused Serialized files (Serialized files now loaded: 0)
System memory in use before: 97.9 MB.
System memory in use after: 98.0 MB.

Unloading 17 unused Assets to reduce memory usage. Loaded Objects now: 2647.
Total: 3.621100 ms (FindLiveObjects: 0.236100 ms CreateObjectMapping: 0.093400 ms MarkObjects: 3.207600 ms  DeleteObjects: 0.082600 ms)

AssetImportParameters requested are different than current active one (requested -> active):
  custom:framework-win-MediaFoundation: 216162199b28c13a410421893ffa2e32 -> 
  custom:video-decoder-ogg-theora: a1e56fd34408186e4bbccfd4996cb3dc -> 
  custom:container-muxer-webm: aa71ff27fc2769a1b78a27578f13a17b -> 
  custom:container-demuxer-webm: 4f35f7cbe854078d1ac9338744f61a02 -> 
  custom:container-demuxer-ogg: 62fdf1f143b41e24485cea50d1cbac27 -> 
  custom:video-encoder-webm-vp8: eb34c28f22e8b96e1ab97ce403110664 -> 
  custom:video-decoder-webm-vp8: 9c59270c3fd7afecdb556c50c9e8de78 -> 
  custom:audio-decoder-ogg-vorbis: bf7c407c2cedff20999df2af8eb42d56 -> 
  custom:audio-encoder-webm-vorbis: bf7c407c2cedff20999df2af8eb42d56 -> 
========================================================================
Received Prepare
Registering precompiled user dll's ...
Registered in 0.005412 seconds.
Begin MonoManager ReloadAssembly
Native extension for WindowsStandalone target not found
Refreshing native plugins compatible for Editor in 1.05 ms, found 3 plugins.
Preloading 0 native plugins for Editor in 0.00 ms.
Mono: successfully reloaded assembly
- Completed reload, in  1.920 seconds
Domain Reload Profiling:
	ReloadAssembly (1922ms)
		BeginReloadAssembly (203ms)
			ExecutionOrderSort (0ms)
			DisableScriptedObjects (8ms)
			BackupInstance (0ms)
			ReleaseScriptingObjects (0ms)
			CreateAndSetChildDomain (74ms)
		EndReloadAssembly (1606ms)
			LoadAssemblies (179ms)
			RebuildTransferFunctionScriptingTraits (0ms)
			SetupTypeCache (570ms)
			ReleaseScriptCaches (3ms)
			RebuildScriptCaches (78ms)
			SetupLoadedEditorAssemblies (591ms)
				LogAssemblyErrors (0ms)
				InitializePlatformSupportModulesInManaged (11ms)
				SetLoadedEditorAssemblies (1ms)
				RefreshPlugins (1ms)
				BeforeProcessingInitializeOnLoad (159ms)
				ProcessInitializeOnLoadAttributes (386ms)
				ProcessInitializeOnLoadMethodAttributes (22ms)
				AfterProcessingInitializeOnLoad (10ms)
				EditorAssembliesLoaded (1ms)
			ExecutionOrderSort2 (0ms)
			AwakeInstancesAfterBackupRestoration (19ms)
Platform modules already initialized, skipping
Refreshing native plugins compatible for Editor in 1.70 ms, found 3 plugins.
Preloading 0 native plugins for Editor in 0.00 ms.
Unloading 2173 Unused Serialized files (Serialized files now loaded: 0)
System memory in use before: 97.9 MB.
System memory in use after: 98.0 MB.

Unloading 17 unused Assets to reduce memory usage. Loaded Objects now: 2649.
Total: 8.038400 ms (FindLiveObjects: 0.803800 ms CreateObjectMapping: 0.294600 ms MarkObjects: 6.811100 ms  DeleteObjects: 0.123800 ms)

AssetImportParameters requested are different than current active one (requested -> active):
  custom:framework-win-MediaFoundation: 216162199b28c13a410421893ffa2e32 -> 
  custom:video-decoder-ogg-theora: a1e56fd34408186e4bbccfd4996cb3dc -> 
  custom:container-muxer-webm: aa71ff27fc2769a1b78a27578f13a17b -> 
  custom:container-demuxer-webm: 4f35f7cbe854078d1ac9338744f61a02 -> 
  custom:container-demuxer-ogg: 62fdf1f143b41e24485cea50d1cbac27 -> 
  custom:video-encoder-webm-vp8: eb34c28f22e8b96e1ab97ce403110664 -> 
  custom:video-decoder-webm-vp8: 9c59270c3fd7afecdb556c50c9e8de78 -> 
  custom:audio-decoder-ogg-vorbis: bf7c407c2cedff20999df2af8eb42d56 -> 
  custom:audio-encoder-webm-vorbis: bf7c407c2cedff20999df2af8eb42d56 -> 
========================================================================
Received Prepare
Registering precompiled user dll's ...
Registered in 0.004100 seconds.
Begin MonoManager ReloadAssembly
Native extension for WindowsStandalone target not found
Refreshing native plugins compatible for Editor in 2.06 ms, found 3 plugins.
Preloading 0 native plugins for Editor in 0.00 ms.
Mono: successfully reloaded assembly
- Completed reload, in  2.030 seconds
Domain Reload Profiling:
	ReloadAssembly (2030ms)
		BeginReloadAssembly (188ms)
			ExecutionOrderSort (0ms)
			DisableScriptedObjects (8ms)
			BackupInstance (0ms)
			ReleaseScriptingObjects (0ms)
			CreateAndSetChildDomain (49ms)
		EndReloadAssembly (1721ms)
			LoadAssemblies (198ms)
			RebuildTransferFunctionScriptingTraits (0ms)
			SetupTypeCache (606ms)
			ReleaseScriptCaches (3ms)
			RebuildScriptCaches (87ms)
			SetupLoadedEditorAssemblies (625ms)
				LogAssemblyErrors (0ms)
				InitializePlatformSupportModulesInManaged (10ms)
				SetLoadedEditorAssemblies (1ms)
				RefreshPlugins (2ms)
				BeforeProcessingInitializeOnLoad (167ms)
				ProcessInitializeOnLoadAttributes (412ms)
				ProcessInitializeOnLoadMethodAttributes (19ms)
				AfterProcessingInitializeOnLoad (14ms)
				EditorAssembliesLoaded (0ms)
			ExecutionOrderSort2 (0ms)
			AwakeInstancesAfterBackupRestoration (17ms)
Platform modules already initialized, skipping
Refreshing native plugins compatible for Editor in 1.42 ms, found 3 plugins.
Preloading 0 native plugins for Editor in 0.00 ms.
Unloading 2173 Unused Serialized files (Serialized files now loaded: 0)
System memory in use before: 97.9 MB.
System memory in use after: 98.0 MB.

Unloading 17 unused Assets to reduce memory usage. Loaded Objects now: 2651.
Total: 5.039400 ms (FindLiveObjects: 0.464500 ms CreateObjectMapping: 0.206500 ms MarkObjects: 4.325500 ms  DeleteObjects: 0.039300 ms)

AssetImportParameters requested are different than current active one (requested -> active):
  custom:framework-win-MediaFoundation: 216162199b28c13a410421893ffa2e32 -> 
  custom:video-decoder-ogg-theora: a1e56fd34408186e4bbccfd4996cb3dc -> 
  custom:container-muxer-webm: aa71ff27fc2769a1b78a27578f13a17b -> 
  custom:container-demuxer-webm: 4f35f7cbe854078d1ac9338744f61a02 -> 
  custom:container-demuxer-ogg: 62fdf1f143b41e24485cea50d1cbac27 -> 
  custom:video-encoder-webm-vp8: eb34c28f22e8b96e1ab97ce403110664 -> 
  custom:video-decoder-webm-vp8: 9c59270c3fd7afecdb556c50c9e8de78 -> 
  custom:audio-decoder-ogg-vorbis: bf7c407c2cedff20999df2af8eb42d56 -> 
  custom:audio-encoder-webm-vorbis: bf7c407c2cedff20999df2af8eb42d56 -> 
AssetImportWorkerClient::OnTransportError - code=2 error=End of file
